<?xml version="1.0" encoding="UTF-8"?>
<!-- Generated by org.testng.reporters.JUnitReportReporter -->
<testsuite skipped="0" hostname="INLTP-SHILPIM" name="testScriptsSmoke.TS_006_ValidateBatchPrint" tests="1" failures="0" timestamp="08 Jun 2020 10:30:19 GMT" time="208.223" errors="0">
  <testcase name="BatchPrintWithNative" time="208.223" classname="testScriptsSmoke.TS_006_ValidateBatchPrint"/>
</testsuite> <!-- testScriptsSmoke.TS_006_ValidateBatchPrint -->
