<?xml version="1.0" encoding="UTF-8"?>
<!-- Generated by org.testng.reporters.JUnitReportReporter -->
<testsuite skipped="13" hostname="INLTP-FERHAT" name="testScriptsRegression.SystemTemplate_Regression" tests="15" failures="0" timestamp="10 Feb 2021 11:25:34 GMT" time="0.000" errors="2">
  <testcase name="close" time="0.000" classname="testScriptsRegression.SystemTemplate_Regression">
    <error type="java.lang.NullPointerException">
      <![CDATA[java.lang.NullPointerException
	at testScriptsRegression.SystemTemplate_Regression.close(SystemTemplate_Regression.java:162)
	at sun.reflect.NativeMethodAccessorImpl.invoke0(Native Method)
	at sun.reflect.NativeMethodAccessorImpl.invoke(Unknown Source)
	at sun.reflect.DelegatingMethodAccessorImpl.invoke(Unknown Source)
	at java.lang.reflect.Method.invoke(Unknown Source)
	at org.testng.internal.MethodInvocationHelper.invokeMethod(MethodInvocationHelper.java:108)
	at org.testng.internal.Invoker.invokeConfigurationMethod(Invoker.java:523)
	at org.testng.internal.Invoker.invokeConfigurations(Invoker.java:224)
	at org.testng.internal.Invoker.invokeConfigurations(Invoker.java:146)
	at org.testng.internal.TestMethodWorker.invokeAfterClassMethods(TestMethodWorker.java:212)
	at org.testng.internal.TestMethodWorker.run(TestMethodWorker.java:112)
	at org.testng.TestRunner.privateRun(TestRunner.java:744)
	at org.testng.TestRunner.run(TestRunner.java:602)
	at org.testng.SuiteRunner.runTest(SuiteRunner.java:380)
	at org.testng.SuiteRunner.runSequentially(SuiteRunner.java:375)
	at org.testng.SuiteRunner.privateRun(SuiteRunner.java:340)
	at org.testng.SuiteRunner.run(SuiteRunner.java:289)
	at org.testng.SuiteRunnerWorker.runSuite(SuiteRunnerWorker.java:52)
	at org.testng.SuiteRunnerWorker.run(SuiteRunnerWorker.java:86)
	at org.testng.TestNG.runSuitesSequentially(TestNG.java:1301)
	at org.testng.TestNG.runSuitesSequentially(TestNG.java:1297)
	at org.testng.TestNG.runSuitesLocally(TestNG.java:1226)
	at org.testng.TestNG.runSuites(TestNG.java:1144)
	at org.testng.TestNG.run(TestNG.java:1115)
	at org.testng.remote.AbstractRemoteTestNG.run(AbstractRemoteTestNG.java:132)
	at org.testng.remote.RemoteTestNG.initAndRun(RemoteTestNG.java:236)
	at org.testng.remote.RemoteTestNG.main(RemoteTestNG.java:81)
]]>
    </error>
  </testcase> <!-- close -->
  <testcase name="before" time="0.000" classname="testScriptsRegression.SystemTemplate_Regression">
    <error type="java.lang.NullPointerException">
      <![CDATA[java.lang.NullPointerException
	at automationLibrary.Driver.createDriver(Driver.java:241)
	at automationLibrary.Driver.<init>(Driver.java:56)
	at testScriptsRegression.SystemTemplate_Regression.before(SystemTemplate_Regression.java:28)
	at sun.reflect.NativeMethodAccessorImpl.invoke0(Native Method)
	at sun.reflect.NativeMethodAccessorImpl.invoke(Unknown Source)
	at sun.reflect.DelegatingMethodAccessorImpl.invoke(Unknown Source)
	at java.lang.reflect.Method.invoke(Unknown Source)
	at org.testng.internal.MethodInvocationHelper.invokeMethod(MethodInvocationHelper.java:108)
	at org.testng.internal.Invoker.invokeConfigurationMethod(Invoker.java:523)
	at org.testng.internal.Invoker.invokeConfigurations(Invoker.java:224)
	at org.testng.internal.Invoker.invokeConfigurations(Invoker.java:146)
	at org.testng.internal.TestMethodWorker.invokeBeforeClassMethods(TestMethodWorker.java:166)
	at org.testng.internal.TestMethodWorker.run(TestMethodWorker.java:105)
	at org.testng.TestRunner.privateRun(TestRunner.java:744)
	at org.testng.TestRunner.run(TestRunner.java:602)
	at org.testng.SuiteRunner.runTest(SuiteRunner.java:380)
	at org.testng.SuiteRunner.runSequentially(SuiteRunner.java:375)
	at org.testng.SuiteRunner.privateRun(SuiteRunner.java:340)
	at org.testng.SuiteRunner.run(SuiteRunner.java:289)
	at org.testng.SuiteRunnerWorker.runSuite(SuiteRunnerWorker.java:52)
	at org.testng.SuiteRunnerWorker.run(SuiteRunnerWorker.java:86)
	at org.testng.TestNG.runSuitesSequentially(TestNG.java:1301)
	at org.testng.TestNG.runSuitesSequentially(TestNG.java:1297)
	at org.testng.TestNG.runSuitesLocally(TestNG.java:1226)
	at org.testng.TestNG.runSuites(TestNG.java:1144)
	at org.testng.TestNG.run(TestNG.java:1115)
	at org.testng.remote.AbstractRemoteTestNG.run(AbstractRemoteTestNG.java:132)
	at org.testng.remote.RemoteTestNG.initAndRun(RemoteTestNG.java:236)
	at org.testng.remote.RemoteTestNG.main(RemoteTestNG.java:81)
]]>
    </error>
  </testcase> <!-- before -->
  <testcase name="provisionedTags_8633_1" time="0.000" classname="testScriptsRegression.SystemTemplate_Regression">
    <skipped/>
  </testcase> <!-- provisionedTags_8633_1 -->
  <testcase name="provisionedTags_8633_2" time="0.000" classname="testScriptsRegression.SystemTemplate_Regression">
    <skipped/>
  </testcase> <!-- provisionedTags_8633_2 -->
  <testcase name="tagsClassifications_8657_1" time="0.000" classname="testScriptsRegression.SystemTemplate_Regression">
    <skipped/>
  </testcase> <!-- tagsClassifications_8657_1 -->
  <testcase name="tagsClassifications_8657_2" time="0.000" classname="testScriptsRegression.SystemTemplate_Regression">
    <skipped/>
  </testcase> <!-- tagsClassifications_8657_2 -->
  <testcase name="layerAnnotations_8660_1" time="0.000" classname="testScriptsRegression.SystemTemplate_Regression">
    <skipped/>
  </testcase> <!-- layerAnnotations_8660_1 -->
  <testcase name="layerAnnotations_8660_2" time="0.000" classname="testScriptsRegression.SystemTemplate_Regression">
    <skipped/>
  </testcase> <!-- layerAnnotations_8660_2 -->
  <testcase name="provisionedFolder_8661_1" time="0.000" classname="testScriptsRegression.SystemTemplate_Regression">
    <skipped/>
  </testcase> <!-- provisionedFolder_8661_1 -->
  <testcase name="provisionedFolder_8661_2" time="0.000" classname="testScriptsRegression.SystemTemplate_Regression">
    <skipped/>
  </testcase> <!-- provisionedFolder_8661_2 -->
  <testcase name="redactionTags_8663_1" time="0.000" classname="testScriptsRegression.SystemTemplate_Regression">
    <skipped/>
  </testcase> <!-- redactionTags_8663_1 -->
  <testcase name="redactionTags_8663_2" time="0.000" classname="testScriptsRegression.SystemTemplate_Regression">
    <skipped/>
  </testcase> <!-- redactionTags_8663_2 -->
  <testcase name="provisionedFolderGroup_9028" time="0.000" classname="testScriptsRegression.SystemTemplate_Regression">
    <skipped/>
  </testcase> <!-- provisionedFolderGroup_9028 -->
  <testcase name="codingForm_8719" time="0.000" classname="testScriptsRegression.SystemTemplate_Regression">
    <skipped/>
  </testcase> <!-- codingForm_8719 -->
  <testcase name="codingFormTagsOrder_8720" time="0.000" classname="testScriptsRegression.SystemTemplate_Regression">
    <skipped/>
  </testcase> <!-- codingFormTagsOrder_8720 -->
</testsuite> <!-- testScriptsRegression.SystemTemplate_Regression -->
