<?xml version="1.0" encoding="UTF-8"?>
<!-- Generated by org.testng.reporters.JUnitReportReporter -->
<testsuite hostname="FRA-14L-10-SBAV" name="testScriptsSmoke.TS_009_ValidateAssignmentFunctionality" tests="2" failures="0" timestamp="11 Feb 2021 21:49:29 GMT" time="141.962" errors="0">
  <testcase name="CreateQuickBatch" time="33.546" classname="testScriptsSmoke.TS_009_ValidateAssignmentFunctionality"/>
  <testcase name="CreateAssignmentDistributeToReviwer" time="108.416" classname="testScriptsSmoke.TS_009_ValidateAssignmentFunctionality"/>
</testsuite> <!-- testScriptsSmoke.TS_009_ValidateAssignmentFunctionality -->
