<?xml version="1.0" encoding="UTF-8"?>
<!-- Generated by org.testng.reporters.JUnitReportReporter -->
<testsuite skipped="0" hostname="INLTP-SHILPIM" name="testScriptsSmoke.TS_006_ValidateBatchPrint" tests="1" failures="0" timestamp="04 Apr 2020 09:35:57 GMT" time="237.921" errors="0">
  <testcase name="BatchPrintWithNative" time="237.921" classname="testScriptsSmoke.TS_006_ValidateBatchPrint"/>
</testsuite> <!-- testScriptsSmoke.TS_006_ValidateBatchPrint -->
