<?xml version="1.0" encoding="UTF-8"?>
<!-- Generated by org.testng.reporters.JUnitReportReporter -->
<testsuite skipped="0" hostname="INLTP-SHILPIM" name="testScriptsSmoke.TS_006_ValidateBatchPrint" tests="1" failures="0" timestamp="07 May 2020 13:38:53 GMT" time="111.532" errors="0">
  <testcase name="BatchPrintWithNative" time="111.532" classname="testScriptsSmoke.TS_006_ValidateBatchPrint"/>
</testsuite> <!-- testScriptsSmoke.TS_006_ValidateBatchPrint -->
