<?xml version="1.0" encoding="UTF-8"?>
<!-- Generated by org.testng.reporters.JUnitReportReporter -->
<testsuite skipped="0" hostname="INLTP-FERHAT" name="testScriptsSmoke.TS_009_ValidateAssignmentFunctionality" tests="2" failures="0" timestamp="11 Feb 2021 12:00:40 GMT" time="240.827" errors="0">
  <testcase name="CreateQuickBatch" time="111.062" classname="testScriptsSmoke.TS_009_ValidateAssignmentFunctionality"/>
  <testcase name="CreateAssignmentDistributeToReviwer" time="129.765" classname="testScriptsSmoke.TS_009_ValidateAssignmentFunctionality"/>
</testsuite> <!-- testScriptsSmoke.TS_009_ValidateAssignmentFunctionality -->
