<?xml version="1.0" encoding="UTF-8"?>
<!-- Generated by org.testng.reporters.JUnitReportReporter -->
<testsuite skipped="0" hostname="INLTP-SHILPIM" name="testScriptsSmoke.TS_003_BulkActionsFromBasicSearch" tests="5" failures="0" timestamp="04 Apr 2020 09:35:57 GMT" time="141.644" errors="0">
  <testcase name="bulkFolderInBasicSearch" time="26.440" classname="testScriptsSmoke.TS_003_BulkActionsFromBasicSearch"/>
  <testcase name="bulkTagInBasicSearch" time="29.903" classname="testScriptsSmoke.TS_003_BulkActionsFromBasicSearch"/>
  <testcase name="viewInTallyResultsInBasicSearch" time="27.356" classname="testScriptsSmoke.TS_003_BulkActionsFromBasicSearch"/>
  <testcase name="viewInDoclistInBasicSearch" time="34.742" classname="testScriptsSmoke.TS_003_BulkActionsFromBasicSearch"/>
  <testcase name="viewInDocViewInBasicSearch" time="23.203" classname="testScriptsSmoke.TS_003_BulkActionsFromBasicSearch"/>
</testsuite> <!-- testScriptsSmoke.TS_003_BulkActionsFromBasicSearch -->
