<?xml version="1.0" encoding="UTF-8"?>
<!-- Generated by org.testng.reporters.JUnitReportReporter -->
<testsuite hostname="FRA-14L-10-SBAV" name="testScriptsSmoke.TS_018_DocViewAudio" tests="5" failures="1" timestamp="11 Feb 2021 21:49:29 GMT" time="26.534" errors="0">
  <testcase name="addPlay" time="4.237" classname="testScriptsSmoke.TS_018_DocViewAudio"/>
  <testcase name="addreduction" time="0.480" classname="testScriptsSmoke.TS_018_DocViewAudio">
    <failure type="java.lang.AssertionError" message="expected [Record added Successfully] but found [Record Deleted Successfully]">
      <![CDATA[java.lang.AssertionError: expected [Record added Successfully] but found [Record Deleted Successfully]
	at org.testng.Assert.fail(Assert.java:94)
	at org.testng.Assert.failNotEquals(Assert.java:496)
	at org.testng.Assert.assertEquals(Assert.java:125)
	at org.testng.Assert.assertEquals(Assert.java:178)
	at org.testng.Assert.assertEquals(Assert.java:188)
	at pageFactory.BaseClass.VerifySuccessMessage(BaseClass.java:245)
	at pageFactory.DocViewPage.audioReduction(DocViewPage.java:513)
	at testScriptsSmoke.TS_018_DocViewAudio.addreduction(TS_018_DocViewAudio.java:86)
	at sun.reflect.NativeMethodAccessorImpl.invoke0(Native Method)
	at sun.reflect.NativeMethodAccessorImpl.invoke(Unknown Source)
	at sun.reflect.DelegatingMethodAccessorImpl.invoke(Unknown Source)
	at java.lang.reflect.Method.invoke(Unknown Source)
	at org.testng.internal.MethodInvocationHelper.invokeMethod(MethodInvocationHelper.java:85)
	at org.testng.internal.Invoker.invokeMethod(Invoker.java:663)
	at org.testng.internal.Invoker.invokeTestMethod(Invoker.java:849)
	at org.testng.internal.Invoker.invokeTestMethods(Invoker.java:1157)
	at org.testng.internal.TestMethodWorker.invokeTestMethods(TestMethodWorker.java:124)
	at org.testng.internal.TestMethodWorker.run(TestMethodWorker.java:108)
	at org.testng.TestRunner.privateRun(TestRunner.java:771)
	at org.testng.TestRunner.run(TestRunner.java:621)
	at org.testng.SuiteRunner.runTest(SuiteRunner.java:357)
	at org.testng.SuiteRunner.runSequentially(SuiteRunner.java:352)
	at org.testng.SuiteRunner.privateRun(SuiteRunner.java:310)
	at org.testng.SuiteRunner.run(SuiteRunner.java:259)
	at org.testng.SuiteRunnerWorker.runSuite(SuiteRunnerWorker.java:52)
	at org.testng.SuiteRunnerWorker.run(SuiteRunnerWorker.java:86)
	at org.testng.TestNG.runSuitesSequentially(TestNG.java:1200)
	at org.testng.TestNG.runSuitesSequentially(TestNG.java:1196)
	at org.testng.TestNG.runSuitesLocally(TestNG.java:1125)
	at org.testng.TestNG.run(TestNG.java:1033)
	at org.testng.remote.RemoteTestNG.run(RemoteTestNG.java:111)
	at org.testng.remote.RemoteTestNG.initAndRun(RemoteTestNG.java:204)
	at org.testng.remote.RemoteTestNG.main(RemoteTestNG.java:175)
]]>
    </failure>
  </testcase> <!-- addreduction -->
  <testcase name="AudioDownload" time="7.711" classname="testScriptsSmoke.TS_018_DocViewAudio"/>
  <testcase name="addRemark" time="13.180" classname="testScriptsSmoke.TS_018_DocViewAudio"/>
  <testcase name="addComment" time="0.926" classname="testScriptsSmoke.TS_018_DocViewAudio"/>
</testsuite> <!-- testScriptsSmoke.TS_018_DocViewAudio -->
