<?xml version="1.0" encoding="UTF-8"?>
<!-- Generated by org.testng.reporters.JUnitReportReporter -->
<testsuite skipped="0" hostname="INLTP-SHILPIM" name="testScriptsSmoke.TS_008_AllManageModules" tests="10" failures="0" timestamp="04 Apr 2020 09:35:57 GMT" time="128.290" errors="0">
  <testcase name="createCommentField" time="7.299" classname="testScriptsSmoke.TS_008_AllManageModules"/>
  <testcase name="createKeywordField" time="8.851" classname="testScriptsSmoke.TS_008_AllManageModules"/>
  <testcase name="createRedaction" time="14.370" classname="testScriptsSmoke.TS_008_AllManageModules"/>
  <testcase name="CreateTagField" time="8.144" classname="testScriptsSmoke.TS_008_AllManageModules"/>
  <testcase name="CreateFolderField" time="12.099" classname="testScriptsSmoke.TS_008_AllManageModules"/>
  <testcase name="CreateAnnotationLayer" time="11.487" classname="testScriptsSmoke.TS_008_AllManageModules"/>
  <testcase name="CreateSecurityGroup" time="5.898" classname="testScriptsSmoke.TS_008_AllManageModules"/>
  <testcase name="DeleteTagField" time="6.817" classname="testScriptsSmoke.TS_008_AllManageModules"/>
  <testcase name="DeleteFolderField" time="6.419" classname="testScriptsSmoke.TS_008_AllManageModules"/>
  <testcase name="CreateCodingform" time="46.906" classname="testScriptsSmoke.TS_008_AllManageModules"/>
</testsuite> <!-- testScriptsSmoke.TS_008_AllManageModules -->
