<?xml version="1.0" encoding="UTF-8"?>
<!-- Generated by org.testng.reporters.JUnitReportReporter -->
<testsuite skipped="0" hostname="INLTP-SHILPIM" name="testScriptsSmoke.TS_017_DocList" tests="3" failures="0" timestamp="19 Mar 2020 10:20:33 GMT" time="296.433" errors="0">
  <testcase name="doclistBulkRelease" time="56.332" classname="testScriptsSmoke.TS_017_DocList"/>
  <testcase name="doclistToDocView" time="53.431" classname="testScriptsSmoke.TS_017_DocList"/>
  <testcase name="bulkTagAndBulkFolder" time="186.670" classname="testScriptsSmoke.TS_017_DocList"/>
</testsuite> <!-- testScriptsSmoke.TS_017_DocList -->
