<?xml version="1.0" encoding="UTF-8"?>
<!-- Generated by org.testng.reporters.JUnitReportReporter -->
<testsuite skipped="0" hostname="INLTP-FERHAT" name="testScriptsSmoke.TS_005_ValidateCategorization" tests="1" failures="0" timestamp="18 Feb 2021 11:09:12 GMT" time="172.086" errors="0">
  <testcase name="validateCategorization" time="172.086" classname="testScriptsSmoke.TS_005_ValidateCategorization"/>
</testsuite> <!-- testScriptsSmoke.TS_005_ValidateCategorization -->
