<?xml version="1.0" encoding="UTF-8"?>
<!-- Generated by org.testng.reporters.JUnitReportReporter -->
<testsuite skipped="0" hostname="INLTP-SHILPIM" name="testScriptsSmoke.TS_006_ValidateBatchPrint" tests="1" failures="0" timestamp="19 Mar 2020 10:20:33 GMT" time="258.560" errors="0">
  <testcase name="BatchPrintWithNative" time="258.560" classname="testScriptsSmoke.TS_006_ValidateBatchPrint"/>
</testsuite> <!-- testScriptsSmoke.TS_006_ValidateBatchPrint -->
