<?xml version="1.0" encoding="UTF-8"?>
<!-- Generated by org.testng.reporters.JUnitReportReporter -->
<testsuite hostname="FRA-14L-10-SBAV" name="testScriptsSmoke.TS_004_BasicAndAdvancedSearchOperations" tests="12" failures="0" timestamp="11 Feb 2021 21:49:29 GMT" time="668.961" errors="0">
  <testcase name="proximityAndRegExInBS" time="23.536" classname="testScriptsSmoke.TS_004_BasicAndAdvancedSearchOperations"/>
  <testcase name="proximityAndRegExInBS" time="20.358" classname="testScriptsSmoke.TS_004_BasicAndAdvancedSearchOperations"/>
  <testcase name="contentSearchWithOperatorsInAS" time="120.084" classname="testScriptsSmoke.TS_004_BasicAndAdvancedSearchOperations"/>
  <testcase name="proximityAndRegExInBS" time="20.310" classname="testScriptsSmoke.TS_004_BasicAndAdvancedSearchOperations"/>
  <testcase name="searchsavedSearch" time="57.630" classname="testScriptsSmoke.TS_004_BasicAndAdvancedSearchOperations"/>
  <testcase name="contentSearchWithOperatorsInBS" time="154.213" classname="testScriptsSmoke.TS_004_BasicAndAdvancedSearchOperations"/>
  <testcase name="proximityAndRegExInBS" time="16.683" classname="testScriptsSmoke.TS_004_BasicAndAdvancedSearchOperations"/>
  <testcase name="metaDataSearch" time="171.789" classname="testScriptsSmoke.TS_004_BasicAndAdvancedSearchOperations"/>
  <testcase name="proximityAndRegExInBS" time="20.033" classname="testScriptsSmoke.TS_004_BasicAndAdvancedSearchOperations"/>
  <testcase name="proximityAndRegExInBS" time="20.407" classname="testScriptsSmoke.TS_004_BasicAndAdvancedSearchOperations"/>
  <testcase name="ConceptualSearch" time="22.999" classname="testScriptsSmoke.TS_004_BasicAndAdvancedSearchOperations"/>
  <testcase name="audioSearch" time="20.919" classname="testScriptsSmoke.TS_004_BasicAndAdvancedSearchOperations"/>
</testsuite> <!-- testScriptsSmoke.TS_004_BasicAndAdvancedSearchOperations -->
