<?xml version="1.0" encoding="UTF-8"?>
<!-- Generated by org.testng.reporters.JUnitReportReporter -->
<testsuite skipped="46" hostname="INLTP-FERHAT" name="testScriptsRegression.Assignment_Regression" tests="48" failures="0" timestamp="10 Feb 2021 11:25:34 GMT" time="0.002" errors="2">
  <testcase name="close" time="0.000" classname="testScriptsRegression.Assignment_Regression">
    <error type="java.lang.NullPointerException">
      <![CDATA[java.lang.NullPointerException
	at testScriptsRegression.Assignment_Regression.close(Assignment_Regression.java:566)
	at sun.reflect.NativeMethodAccessorImpl.invoke0(Native Method)
	at sun.reflect.NativeMethodAccessorImpl.invoke(Unknown Source)
	at sun.reflect.DelegatingMethodAccessorImpl.invoke(Unknown Source)
	at java.lang.reflect.Method.invoke(Unknown Source)
	at org.testng.internal.MethodInvocationHelper.invokeMethod(MethodInvocationHelper.java:108)
	at org.testng.internal.Invoker.invokeConfigurationMethod(Invoker.java:523)
	at org.testng.internal.Invoker.invokeConfigurations(Invoker.java:224)
	at org.testng.internal.Invoker.invokeConfigurations(Invoker.java:146)
	at org.testng.internal.TestMethodWorker.invokeAfterClassMethods(TestMethodWorker.java:212)
	at org.testng.internal.TestMethodWorker.run(TestMethodWorker.java:112)
	at org.testng.TestRunner.privateRun(TestRunner.java:744)
	at org.testng.TestRunner.run(TestRunner.java:602)
	at org.testng.SuiteRunner.runTest(SuiteRunner.java:380)
	at org.testng.SuiteRunner.runSequentially(SuiteRunner.java:375)
	at org.testng.SuiteRunner.privateRun(SuiteRunner.java:340)
	at org.testng.SuiteRunner.run(SuiteRunner.java:289)
	at org.testng.SuiteRunnerWorker.runSuite(SuiteRunnerWorker.java:52)
	at org.testng.SuiteRunnerWorker.run(SuiteRunnerWorker.java:86)
	at org.testng.TestNG.runSuitesSequentially(TestNG.java:1301)
	at org.testng.TestNG.runSuitesSequentially(TestNG.java:1297)
	at org.testng.TestNG.runSuitesLocally(TestNG.java:1226)
	at org.testng.TestNG.runSuites(TestNG.java:1144)
	at org.testng.TestNG.run(TestNG.java:1115)
	at org.testng.remote.AbstractRemoteTestNG.run(AbstractRemoteTestNG.java:132)
	at org.testng.remote.RemoteTestNG.initAndRun(RemoteTestNG.java:236)
	at org.testng.remote.RemoteTestNG.main(RemoteTestNG.java:81)
]]>
    </error>
  </testcase> <!-- close -->
  <testcase name="preCondition" time="0.000" classname="testScriptsRegression.Assignment_Regression">
    <error type="java.lang.NullPointerException">
      <![CDATA[java.lang.NullPointerException
	at automationLibrary.Driver.createDriver(Driver.java:241)
	at automationLibrary.Driver.<init>(Driver.java:56)
	at testScriptsRegression.Assignment_Regression.preCondition(Assignment_Regression.java:72)
	at sun.reflect.NativeMethodAccessorImpl.invoke0(Native Method)
	at sun.reflect.NativeMethodAccessorImpl.invoke(Unknown Source)
	at sun.reflect.DelegatingMethodAccessorImpl.invoke(Unknown Source)
	at java.lang.reflect.Method.invoke(Unknown Source)
	at org.testng.internal.MethodInvocationHelper.invokeMethod(MethodInvocationHelper.java:108)
	at org.testng.internal.Invoker.invokeConfigurationMethod(Invoker.java:523)
	at org.testng.internal.Invoker.invokeConfigurations(Invoker.java:224)
	at org.testng.internal.Invoker.invokeConfigurations(Invoker.java:146)
	at org.testng.internal.TestMethodWorker.invokeBeforeClassMethods(TestMethodWorker.java:166)
	at org.testng.internal.TestMethodWorker.run(TestMethodWorker.java:105)
	at org.testng.TestRunner.privateRun(TestRunner.java:744)
	at org.testng.TestRunner.run(TestRunner.java:602)
	at org.testng.SuiteRunner.runTest(SuiteRunner.java:380)
	at org.testng.SuiteRunner.runSequentially(SuiteRunner.java:375)
	at org.testng.SuiteRunner.privateRun(SuiteRunner.java:340)
	at org.testng.SuiteRunner.run(SuiteRunner.java:289)
	at org.testng.SuiteRunnerWorker.runSuite(SuiteRunnerWorker.java:52)
	at org.testng.SuiteRunnerWorker.run(SuiteRunnerWorker.java:86)
	at org.testng.TestNG.runSuitesSequentially(TestNG.java:1301)
	at org.testng.TestNG.runSuitesSequentially(TestNG.java:1297)
	at org.testng.TestNG.runSuitesLocally(TestNG.java:1226)
	at org.testng.TestNG.runSuites(TestNG.java:1144)
	at org.testng.TestNG.run(TestNG.java:1115)
	at org.testng.remote.AbstractRemoteTestNG.run(AbstractRemoteTestNG.java:132)
	at org.testng.remote.RemoteTestNG.initAndRun(RemoteTestNG.java:236)
	at org.testng.remote.RemoteTestNG.main(RemoteTestNG.java:81)
]]>
    </error>
  </testcase> <!-- preCondition -->
  <testcase name="AssgnManageRev_ViewInDocView" time="0.000" classname="testScriptsRegression.Assignment_Regression">
    <skipped/>
  </testcase> <!-- AssgnManageRev_ViewInDocView -->
  <testcase name="AssgnManageRev_ViewInDoclist" time="0.001" classname="testScriptsRegression.Assignment_Regression">
    <skipped/>
  </testcase> <!-- AssgnManageRev_ViewInDoclist -->
  <testcase name="AssgnwithDocSequnece" time="0.000" classname="testScriptsRegression.Assignment_Regression">
    <skipped/>
  </testcase> <!-- AssgnwithDocSequnece -->
  <testcase name="AssignmentDashboard" time="0.000" classname="testScriptsRegression.Assignment_Regression">
    <skipped/>
  </testcase> <!-- AssignmentDashboard -->
  <testcase name="AssignmentManagerevTabActions" time="0.000" classname="testScriptsRegression.Assignment_Regression">
    <skipped/>
  </testcase> <!-- AssignmentManagerevTabActions -->
  <testcase name="AssignmentGroup" time="0.000" classname="testScriptsRegression.Assignment_Regression">
    <skipped/>
  </testcase> <!-- AssignmentGroup -->
  <testcase name="AssnmGroupwithsubassgn" time="0.000" classname="testScriptsRegression.Assignment_Regression">
    <skipped/>
  </testcase> <!-- AssnmGroupwithsubassgn -->
  <testcase name="DistributeDoc" time="0.000" classname="testScriptsRegression.Assignment_Regression">
    <skipped/>
  </testcase> <!-- DistributeDoc -->
  <testcase name="Assgn_RemoveDoc_ReviewerTab" time="0.000" classname="testScriptsRegression.Assignment_Regression">
    <skipped/>
  </testcase> <!-- Assgn_RemoveDoc_ReviewerTab -->
  <testcase name="EditAssgn_Disallowspeclchar" time="0.000" classname="testScriptsRegression.Assignment_Regression">
    <skipped/>
  </testcase> <!-- EditAssgn_Disallowspeclchar -->
  <testcase name="EditAssgn_Disallowspeclchar" time="0.000" classname="testScriptsRegression.Assignment_Regression">
    <skipped/>
  </testcase> <!-- EditAssgn_Disallowspeclchar -->
  <testcase name="EditAssgn_Disallowspeclchar" time="0.000" classname="testScriptsRegression.Assignment_Regression">
    <skipped/>
  </testcase> <!-- EditAssgn_Disallowspeclchar -->
  <testcase name="EditAssgn_Disallowspeclchar" time="0.000" classname="testScriptsRegression.Assignment_Regression">
    <skipped/>
  </testcase> <!-- EditAssgn_Disallowspeclchar -->
  <testcase name="EditAssgn_Disallowspeclchar" time="0.000" classname="testScriptsRegression.Assignment_Regression">
    <skipped/>
  </testcase> <!-- EditAssgn_Disallowspeclchar -->
  <testcase name="EditAssgn_Disallowspeclchar" time="0.000" classname="testScriptsRegression.Assignment_Regression">
    <skipped/>
  </testcase> <!-- EditAssgn_Disallowspeclchar -->
  <testcase name="EditAssgn_Disallowspeclchar" time="0.000" classname="testScriptsRegression.Assignment_Regression">
    <skipped/>
  </testcase> <!-- EditAssgn_Disallowspeclchar -->
  <testcase name="EditAssgn_Disallowspeclchar" time="0.000" classname="testScriptsRegression.Assignment_Regression">
    <skipped/>
  </testcase> <!-- EditAssgn_Disallowspeclchar -->
  <testcase name="EditAssgn_Disallowspeclchar" time="0.000" classname="testScriptsRegression.Assignment_Regression">
    <skipped/>
  </testcase> <!-- EditAssgn_Disallowspeclchar -->
  <testcase name="EditAssgn_Disallowspeclchar" time="0.000" classname="testScriptsRegression.Assignment_Regression">
    <skipped/>
  </testcase> <!-- EditAssgn_Disallowspeclchar -->
  <testcase name="EditAssgn_Disallowspeclchar" time="0.000" classname="testScriptsRegression.Assignment_Regression">
    <skipped/>
  </testcase> <!-- EditAssgn_Disallowspeclchar -->
  <testcase name="EditAssgn_Disallowspeclchar" time="0.000" classname="testScriptsRegression.Assignment_Regression">
    <skipped/>
  </testcase> <!-- EditAssgn_Disallowspeclchar -->
  <testcase name="EditAssgn_Disallowspeclchar" time="0.000" classname="testScriptsRegression.Assignment_Regression">
    <skipped/>
  </testcase> <!-- EditAssgn_Disallowspeclchar -->
  <testcase name="EditAssgn_Disallowspeclchar" time="0.000" classname="testScriptsRegression.Assignment_Regression">
    <skipped/>
  </testcase> <!-- EditAssgn_Disallowspeclchar -->
  <testcase name="EditAssgn_Disallowspeclchar" time="0.000" classname="testScriptsRegression.Assignment_Regression">
    <skipped/>
  </testcase> <!-- EditAssgn_Disallowspeclchar -->
  <testcase name="EditAssgn_Disallowspeclchar" time="0.000" classname="testScriptsRegression.Assignment_Regression">
    <skipped/>
  </testcase> <!-- EditAssgn_Disallowspeclchar -->
  <testcase name="EditAssgn_Disallowspeclchar" time="0.000" classname="testScriptsRegression.Assignment_Regression">
    <skipped/>
  </testcase> <!-- EditAssgn_Disallowspeclchar -->
  <testcase name="EditAssgn_Disallowspeclchar" time="0.000" classname="testScriptsRegression.Assignment_Regression">
    <skipped/>
  </testcase> <!-- EditAssgn_Disallowspeclchar -->
  <testcase name="EditAssgn_Disallowspeclchar" time="0.000" classname="testScriptsRegression.Assignment_Regression">
    <skipped/>
  </testcase> <!-- EditAssgn_Disallowspeclchar -->
  <testcase name="DeleteAssignment" time="0.000" classname="testScriptsRegression.Assignment_Regression">
    <skipped/>
  </testcase> <!-- DeleteAssignment -->
  <testcase name="assignmentwithpercentmethod" time="0.000" classname="testScriptsRegression.Assignment_Regression">
    <skipped/>
  </testcase> <!-- assignmentwithpercentmethod -->
  <testcase name="NewAssgnUnassgn" time="0.000" classname="testScriptsRegression.Assignment_Regression">
    <skipped/>
  </testcase> <!-- NewAssgnUnassgn -->
  <testcase name="CopyAssignment" time="0.001" classname="testScriptsRegression.Assignment_Regression">
    <skipped/>
  </testcase> <!-- CopyAssignment -->
  <testcase name="AssgnCompleteDoc" time="0.000" classname="testScriptsRegression.Assignment_Regression">
    <skipped/>
  </testcase> <!-- AssgnCompleteDoc -->
  <testcase name="ValidateUserlistonQuickbatch" time="0.000" classname="testScriptsRegression.Assignment_Regression">
    <skipped/>
  </testcase> <!-- ValidateUserlistonQuickbatch -->
  <testcase name="CreateQuickBatchfromsavedsearch" time="0.000" classname="testScriptsRegression.Assignment_Regression">
    <skipped/>
  </testcase> <!-- CreateQuickBatchfromsavedsearch -->
  <testcase name="CreateQuickBatchfromdoclist" time="0.000" classname="testScriptsRegression.Assignment_Regression">
    <skipped/>
  </testcase> <!-- CreateQuickBatchfromdoclist -->
  <testcase name="CreateQuickBatchfromTally" time="0.000" classname="testScriptsRegression.Assignment_Regression">
    <skipped/>
  </testcase> <!-- CreateQuickBatchfromTally -->
  <testcase name="CreateQuickBatchfromDocExplorer" time="0.000" classname="testScriptsRegression.Assignment_Regression">
    <skipped/>
  </testcase> <!-- CreateQuickBatchfromDocExplorer -->
  <testcase name="ValidateNameQuickBatchfailure" time="0.000" classname="testScriptsRegression.Assignment_Regression">
    <skipped/>
  </testcase> <!-- ValidateNameQuickBatchfailure -->
  <testcase name="CreateQuickBatchfromadvancedsearch" time="0.000" classname="testScriptsRegression.Assignment_Regression">
    <skipped/>
  </testcase> <!-- CreateQuickBatchfromadvancedsearch -->
  <testcase name="QuickBatchModifyValidation" time="0.000" classname="testScriptsRegression.Assignment_Regression">
    <skipped/>
  </testcase> <!-- QuickBatchModifyValidation -->
  <testcase name="QuickBatchfromSearchTermDocAuditreport" time="0.000" classname="testScriptsRegression.Assignment_Regression">
    <skipped/>
  </testcase> <!-- QuickBatchfromSearchTermDocAuditreport -->
  <testcase name="AssignmentKeywordHighlight" time="0.000" classname="testScriptsRegression.Assignment_Regression">
    <skipped/>
  </testcase> <!-- AssignmentKeywordHighlight -->
  <testcase name="SAORPATORMUCompleteDocs" time="0.000" classname="testScriptsRegression.Assignment_Regression">
    <skipped/>
  </testcase> <!-- SAORPATORMUCompleteDocs -->
  <testcase name="Assgnwp" time="0.000" classname="testScriptsRegression.Assignment_Regression">
    <skipped/>
  </testcase> <!-- Assgnwp -->
  <testcase name="Assgnwithdrawfrompool" time="0.000" classname="testScriptsRegression.Assignment_Regression">
    <skipped/>
  </testcase> <!-- Assgnwithdrawfrompool -->
</testsuite> <!-- testScriptsRegression.Assignment_Regression -->
