<?xml version="1.0" encoding="UTF-8"?>
<!-- Generated by org.testng.reporters.JUnitReportReporter -->
<testsuite skipped="19" hostname="INLTP-FERHAT" name="testScriptsRegression.DocView_Regression" tests="20" failures="0" timestamp="10 Feb 2021 11:25:34 GMT" time="0.001" errors="1">
  <testcase name="preCondition" time="0.001" classname="testScriptsRegression.DocView_Regression">
    <error type="java.lang.NullPointerException">
      <![CDATA[java.lang.NullPointerException
	at automationLibrary.Driver.createDriver(Driver.java:241)
	at automationLibrary.Driver.<init>(Driver.java:56)
	at testScriptsRegression.DocView_Regression.preCondition(DocView_Regression.java:57)
	at sun.reflect.NativeMethodAccessorImpl.invoke0(Native Method)
	at sun.reflect.NativeMethodAccessorImpl.invoke(Unknown Source)
	at sun.reflect.DelegatingMethodAccessorImpl.invoke(Unknown Source)
	at java.lang.reflect.Method.invoke(Unknown Source)
	at org.testng.internal.MethodInvocationHelper.invokeMethod(MethodInvocationHelper.java:108)
	at org.testng.internal.Invoker.invokeConfigurationMethod(Invoker.java:523)
	at org.testng.internal.Invoker.invokeConfigurations(Invoker.java:224)
	at org.testng.internal.Invoker.invokeConfigurations(Invoker.java:146)
	at org.testng.internal.TestMethodWorker.invokeBeforeClassMethods(TestMethodWorker.java:166)
	at org.testng.internal.TestMethodWorker.run(TestMethodWorker.java:105)
	at org.testng.TestRunner.privateRun(TestRunner.java:744)
	at org.testng.TestRunner.run(TestRunner.java:602)
	at org.testng.SuiteRunner.runTest(SuiteRunner.java:380)
	at org.testng.SuiteRunner.runSequentially(SuiteRunner.java:375)
	at org.testng.SuiteRunner.privateRun(SuiteRunner.java:340)
	at org.testng.SuiteRunner.run(SuiteRunner.java:289)
	at org.testng.SuiteRunnerWorker.runSuite(SuiteRunnerWorker.java:52)
	at org.testng.SuiteRunnerWorker.run(SuiteRunnerWorker.java:86)
	at org.testng.TestNG.runSuitesSequentially(TestNG.java:1301)
	at org.testng.TestNG.runSuitesSequentially(TestNG.java:1297)
	at org.testng.TestNG.runSuitesLocally(TestNG.java:1226)
	at org.testng.TestNG.runSuites(TestNG.java:1144)
	at org.testng.TestNG.run(TestNG.java:1115)
	at org.testng.remote.AbstractRemoteTestNG.run(AbstractRemoteTestNG.java:132)
	at org.testng.remote.RemoteTestNG.initAndRun(RemoteTestNG.java:236)
	at org.testng.remote.RemoteTestNG.main(RemoteTestNG.java:81)
]]>
    </error>
  </testcase> <!-- preCondition -->
  <testcase name="VerifyPersistentHit" time="0.000" classname="testScriptsRegression.DocView_Regression">
    <skipped/>
  </testcase> <!-- VerifyPersistentHit -->
  <testcase name="VerifyFoldertab" time="0.000" classname="testScriptsRegression.DocView_Regression">
    <skipped/>
  </testcase> <!-- VerifyFoldertab -->
  <testcase name="VerifyTextTab" time="0.000" classname="testScriptsRegression.DocView_Regression">
    <skipped/>
  </testcase> <!-- VerifyTextTab -->
  <testcase name="NonAudioAnnotation" time="0.000" classname="testScriptsRegression.DocView_Regression">
    <skipped/>
  </testcase> <!-- NonAudioAnnotation -->
  <testcase name="VerifyAnalyticsEmailInclusive" time="0.000" classname="testScriptsRegression.DocView_Regression">
    <skipped/>
  </testcase> <!-- VerifyAnalyticsEmailInclusive -->
  <testcase name="VerifyAnalyticsThreaded" time="0.000" classname="testScriptsRegression.DocView_Regression">
    <skipped/>
  </testcase> <!-- VerifyAnalyticsThreaded -->
  <testcase name="VerifyAnalyticsChildWinodw" time="0.000" classname="testScriptsRegression.DocView_Regression">
    <skipped/>
  </testcase> <!-- VerifyAnalyticsChildWinodw -->
  <testcase name="VerifyNearDupesCompwinodw" time="0.000" classname="testScriptsRegression.DocView_Regression">
    <skipped/>
  </testcase> <!-- VerifyNearDupesCompwinodw -->
  <testcase name="VerifyThreadedChildWinodw" time="0.000" classname="testScriptsRegression.DocView_Regression">
    <skipped/>
  </testcase> <!-- VerifyThreadedChildWinodw -->
  <testcase name="NonAudioRemarkAddEditDeletebyReviewer" time="0.000" classname="testScriptsRegression.DocView_Regression">
    <skipped/>
  </testcase> <!-- NonAudioRemarkAddEditDeletebyReviewer -->
  <testcase name="VerifyAnalytics_FamilyActions" time="0.000" classname="testScriptsRegression.DocView_Regression">
    <skipped/>
  </testcase> <!-- VerifyAnalytics_FamilyActions -->
  <testcase name="VerifyMiniDoclistFolderAction" time="0.000" classname="testScriptsRegression.DocView_Regression">
    <skipped/>
  </testcase> <!-- VerifyMiniDoclistFolderAction -->
  <testcase name="VerifyTabswhenAllprefEnabled" time="0.000" classname="testScriptsRegression.DocView_Regression">
    <skipped/>
  </testcase> <!-- VerifyTabswhenAllprefEnabled -->
  <testcase name="getPersistentHit" time="0.000" classname="testScriptsRegression.DocView_Regression">
    <skipped/>
  </testcase> <!-- getPersistentHit -->
  <testcase name="VerifyAnalyticsthrAssignment" time="0.000" classname="testScriptsRegression.DocView_Regression">
    <skipped/>
  </testcase> <!-- VerifyAnalyticsthrAssignment -->
  <testcase name="VerifyTabswhenAllprefDisabled" time="0.000" classname="testScriptsRegression.DocView_Regression">
    <skipped/>
  </testcase> <!-- VerifyTabswhenAllprefDisabled -->
  <testcase name="VerifyAnalyticsforPA" time="0.000" classname="testScriptsRegression.DocView_Regression">
    <skipped/>
  </testcase> <!-- VerifyAnalyticsforPA -->
  <testcase name="VerifyMiniDoclistConifgSortOrder" time="0.000" classname="testScriptsRegression.DocView_Regression">
    <skipped/>
  </testcase> <!-- VerifyMiniDoclistConifgSortOrder -->
  <testcase name="VerifyAnalyticsConceptual" time="0.000" classname="testScriptsRegression.DocView_Regression">
    <skipped/>
  </testcase> <!-- VerifyAnalyticsConceptual -->
</testsuite> <!-- testScriptsRegression.DocView_Regression -->
