<?xml version="1.0" encoding="UTF-8"?>
<!-- Generated by org.testng.reporters.JUnitReportReporter -->
<testsuite skipped="0" hostname="INLTP-SHILPIM" name="testScriptsSmoke.TS_010_Workflow" tests="1" failures="0" timestamp="04 Apr 2020 09:35:57 GMT" time="196.217" errors="0">
  <testcase name="Test" time="196.217" classname="testScriptsSmoke.TS_010_Workflow"/>
</testsuite> <!-- testScriptsSmoke.TS_010_Workflow -->
