<?xml version="1.0" encoding="UTF-8"?>
<!-- Generated by org.testng.reporters.JUnitReportReporter -->
<testsuite skipped="0" hostname="LNT-HZ-NP-SQA18" name="testScriptsSmoke.TS_010_Workflow" tests="1" failures="0" timestamp="05 Jun 2021 08:54:50 GMT" time="160.919" errors="0">
  <testcase name="Test" time="160.919" classname="testScriptsSmoke.TS_010_Workflow"/>
</testsuite> <!-- testScriptsSmoke.TS_010_Workflow -->
