<?xml version="1.0" encoding="UTF-8"?>
<!-- Generated by org.testng.reporters.JUnitReportReporter -->
<testsuite skipped="1" hostname="LNT-HZ-NP-SQA18" name="testScriptsSmoke.TS_008_AllManageModules" tests="11" failures="0" timestamp="05 Jun 2021 08:54:50 GMT" time="125.226" errors="1">
  <testcase name="createCommentField" time="2.724" classname="testScriptsSmoke.TS_008_AllManageModules"/>
  <testcase name="createKeywordField" time="18.169" classname="testScriptsSmoke.TS_008_AllManageModules"/>
  <testcase name="createRedactionLabel" time="5.517" classname="testScriptsSmoke.TS_008_AllManageModules"/>
  <testcase name="CreateTagField" time="7.172" classname="testScriptsSmoke.TS_008_AllManageModules"/>
  <testcase name="CreateFolderField" time="8.921" classname="testScriptsSmoke.TS_008_AllManageModules"/>
  <testcase name="CreateAnnotationLayer" time="3.319" classname="testScriptsSmoke.TS_008_AllManageModules"/>
  <testcase name="CreateSecurityGroup" time="18.413" classname="testScriptsSmoke.TS_008_AllManageModules">
    <skipped/>
  </testcase> <!-- CreateSecurityGroup -->
  <testcase name="CreateSecurityGroup" time="17.908" classname="testScriptsSmoke.TS_008_AllManageModules">
    <error type="org.openqa.selenium.WebDriverException" message="unknown error: Element &lt;button class=&quot;btn btn-primary&quot; type=&quot;button&quot; id=&quot;btnNewSecurityGroup&quot; onclick=&quot;AddSecurityGroup();&quot;&gt;...&lt;/button&gt; is not clickable at point (1135, 16). Other element would receive the click: &lt;div id=&quot;utility-group&quot; class=&quot;pull-right&quot;&gt;...&lt;/div&gt;
  (Session info: chrome=90.0.4430.212)
  (Driver info: chromedriver=2.36.540470 (e522d04694c7ebea4ba8821272dbef4f9b818c91),platform=Windows NT 10.0.18363 x86_64) (WARNING: The server did not provide any stacktrace information)
Command duration or timeout: 18 milliseconds
Build info: version: &#039;3.4.0&#039;, revision: &#039;unknown&#039;, time: &#039;unknown&#039;
System info: host: &#039;LNT-HZ-NP-SQA18&#039;, ip: &#039;10.224.187.104&#039;, os.name: &#039;Windows 10&#039;, os.arch: &#039;amd64&#039;, os.version: &#039;10.0&#039;, java.version: &#039;1.8.0_271&#039;
Driver info: org.openqa.selenium.chrome.ChromeDriver
Capabilities [{applicationCacheEnabled=false, rotatable=false, mobileEmulationEnabled=false, networkConnectionEnabled=false, chrome={chromedriverVersion=2.36.540470 (e522d04694c7ebea4ba8821272dbef4f9b818c91), userDataDir=C:\Users\LOCAL_~1\Temp\scoped_dir12644_13565}, takesHeapSnapshot=true, pageLoadStrategy=normal, databaseEnabled=false, handlesAlerts=true, hasTouchScreen=false, version=90.0.4430.212, platform=XP, browserConnectionEnabled=false, nativeEvents=true, acceptSslCerts=false, acceptInsecureCerts=false, locationContextEnabled=true, webStorageEnabled=true, browserName=chrome, takesScreenshot=true, javascriptEnabled=true, cssSelectorsEnabled=true, setWindowRect=true, unexpectedAlertBehaviour=}]
Session ID: 03b335625df04073474b46baf17effea">
      <![CDATA[org.openqa.selenium.WebDriverException: unknown error: Element <button class="btn btn-primary" type="button" id="btnNewSecurityGroup" onclick="AddSecurityGroup();">...</button> is not clickable at point (1135, 16). Other element would receive the click: <div id="utility-group" class="pull-right">...</div>
  (Session info: chrome=90.0.4430.212)
  (Driver info: chromedriver=2.36.540470 (e522d04694c7ebea4ba8821272dbef4f9b818c91),platform=Windows NT 10.0.18363 x86_64) (WARNING: The server did not provide any stacktrace information)
Command duration or timeout: 18 milliseconds
Build info: version: '3.4.0', revision: 'unknown', time: 'unknown'
System info: host: 'LNT-HZ-NP-SQA18', ip: '10.224.187.104', os.name: 'Windows 10', os.arch: 'amd64', os.version: '10.0', java.version: '1.8.0_271'
Driver info: org.openqa.selenium.chrome.ChromeDriver
Capabilities [{applicationCacheEnabled=false, rotatable=false, mobileEmulationEnabled=false, networkConnectionEnabled=false, chrome={chromedriverVersion=2.36.540470 (e522d04694c7ebea4ba8821272dbef4f9b818c91), userDataDir=C:\Users\LOCAL_~1\Temp\scoped_dir12644_13565}, takesHeapSnapshot=true, pageLoadStrategy=normal, databaseEnabled=false, handlesAlerts=true, hasTouchScreen=false, version=90.0.4430.212, platform=XP, browserConnectionEnabled=false, nativeEvents=true, acceptSslCerts=false, acceptInsecureCerts=false, locationContextEnabled=true, webStorageEnabled=true, browserName=chrome, takesScreenshot=true, javascriptEnabled=true, cssSelectorsEnabled=true, setWindowRect=true, unexpectedAlertBehaviour=}]
Session ID: 03b335625df04073474b46baf17effea
at sun.reflect.GeneratedConstructorAccessor19.newInstance(Unknown Source)
at sun.reflect.DelegatingConstructorAccessorImpl.newInstance(DelegatingConstructorAccessorImpl.java:45)
at java.lang.reflect.Constructor.newInstance(Constructor.java:423)
at org.openqa.selenium.remote.ErrorHandler.createThrowable(ErrorHandler.java:215)
at org.openqa.selenium.remote.ErrorHandler.throwIfResponseFailed(ErrorHandler.java:167)
at org.openqa.selenium.remote.RemoteWebDriver.execute(RemoteWebDriver.java:671)
at org.openqa.selenium.remote.RemoteWebElement.execute(RemoteWebElement.java:272)
at org.openqa.selenium.remote.RemoteWebElement.click(RemoteWebElement.java:82)
at automationLibrary.Element.waitAndClick(Element.java:257)
at pageFactory.SecurityGroupsPage.AddSecurityGroup(SecurityGroupsPage.java:48)
at testScriptsSmoke.TS_008_AllManageModules.CreateSecurityGroup(TS_008_AllManageModules.java:162)
at sun.reflect.NativeMethodAccessorImpl.invoke0(Native Method)
at sun.reflect.NativeMethodAccessorImpl.invoke(NativeMethodAccessorImpl.java:62)
at sun.reflect.DelegatingMethodAccessorImpl.invoke(DelegatingMethodAccessorImpl.java:43)
at java.lang.reflect.Method.invoke(Method.java:498)
at org.testng.internal.MethodInvocationHelper.invokeMethod(MethodInvocationHelper.java:124)
at org.testng.internal.Invoker.invokeMethod(Invoker.java:583)
at org.testng.internal.Invoker.retryFailed(Invoker.java:839)
at org.testng.internal.Invoker.invokeTestMethods(Invoker.java:1010)
at org.testng.internal.TestMethodWorker.invokeTestMethods(TestMethodWorker.java:125)
at org.testng.internal.TestMethodWorker.run(TestMethodWorker.java:109)
at org.testng.TestRunner.privateRun(TestRunner.java:648)
at org.testng.TestRunner.run(TestRunner.java:505)
at org.testng.SuiteRunner.runTest(SuiteRunner.java:455)
at org.testng.SuiteRunner.runSequentially(SuiteRunner.java:450)
at org.testng.SuiteRunner.privateRun(SuiteRunner.java:415)
at org.testng.SuiteRunner.run(SuiteRunner.java:364)
at org.testng.SuiteRunnerWorker.runSuite(SuiteRunnerWorker.java:52)
at org.testng.SuiteRunnerWorker.run(SuiteRunnerWorker.java:84)
at org.testng.TestNG.runSuitesSequentially(TestNG.java:1208)
at org.testng.TestNG.runSuitesSequentially(TestNG.java:1204)
at org.testng.TestNG.runSuitesLocally(TestNG.java:1137)
at org.testng.TestNG.runSuites(TestNG.java:1049)
at org.testng.TestNG.run(TestNG.java:1017)
at org.testng.remote.AbstractRemoteTestNG.run(AbstractRemoteTestNG.java:115)
at org.testng.remote.RemoteTestNG.initAndRun(RemoteTestNG.java:251)
at org.testng.remote.RemoteTestNG.main(RemoteTestNG.java:77)
]]>
    </error>
  </testcase> <!-- CreateSecurityGroup -->
  <testcase name="DeleteTagField" time="4.245" classname="testScriptsSmoke.TS_008_AllManageModules"/>
  <testcase name="DeleteFolderField" time="5.290" classname="testScriptsSmoke.TS_008_AllManageModules"/>
  <testcase name="CreateCodingform" time="33.548" classname="testScriptsSmoke.TS_008_AllManageModules"/>
</testsuite> <!-- testScriptsSmoke.TS_008_AllManageModules -->
