<?xml version="1.0" encoding="UTF-8"?>
<!-- Generated by org.testng.reporters.JUnitReportReporter -->
<testsuite skipped="0" hostname="INLTP-SHILPIM" name="testScriptsSmoke.TS_006_Production" tests="1" failures="0" timestamp="03 Mar 2020 11:44:38 GMT" time="400.340" errors="0">
  <testcase name="AddNewProduction" time="400.340" classname="testScriptsSmoke.TS_006_Production"/>
</testsuite> <!-- testScriptsSmoke.TS_006_Production -->
