<?xml version="1.0" encoding="UTF-8"?>
<!-- Generated by org.testng.reporters.JUnitReportReporter -->
<testsuite skipped="0" hostname="INLTP-SHILPIM" name="testScriptsSmoke.TS_012_ValidateReportsFunctionality" tests="1" failures="0" timestamp="14 Apr 2020 06:15:05 GMT" time="56.811" errors="0">
  <testcase name="reviewProgressByRevReport" time="56.811" classname="testScriptsSmoke.TS_012_ValidateReportsFunctionality"/>
</testsuite> <!-- testScriptsSmoke.TS_012_ValidateReportsFunctionality -->
