<?xml version="1.0" encoding="UTF-8"?>
<!-- Generated by org.testng.reporters.JUnitReportReporter -->
<testsuite skipped="0" hostname="INLTP-SHILPIM" name="testScriptsSmoke.TS_018_DocViewAudio" tests="5" failures="1" timestamp="13 Jun 2020 07:17:43 GMT" time="36.383" errors="0">
  <testcase name="AudioDownload" time="12.420" classname="testScriptsSmoke.TS_018_DocViewAudio"/>
  <testcase name="addreduction" time="1.682" classname="testScriptsSmoke.TS_018_DocViewAudio">
    <failure type="java.lang.AssertionError" message="expected [Record added Successfully] but found [Record Deleted Successfully]">
      <![CDATA[java.lang.AssertionError: expected [Record added Successfully] but found [Record Deleted Successfully]
	at org.testng.Assert.fail(Assert.java:93)
	at org.testng.Assert.failNotEquals(Assert.java:512)
	at org.testng.Assert.assertEqualsImpl(Assert.java:134)
	at org.testng.Assert.assertEquals(Assert.java:115)
	at org.testng.Assert.assertEquals(Assert.java:189)
	at org.testng.Assert.assertEquals(Assert.java:199)
	at pageFactory.BaseClass.VerifySuccessMessage(BaseClass.java:242)
	at pageFactory.DocViewPage.audioReduction(DocViewPage.java:477)
	at testScriptsSmoke.TS_018_DocViewAudio.addreduction(TS_018_DocViewAudio.java:86)
	at sun.reflect.NativeMethodAccessorImpl.invoke0(Native Method)
	at sun.reflect.NativeMethodAccessorImpl.invoke(NativeMethodAccessorImpl.java:62)
	at sun.reflect.DelegatingMethodAccessorImpl.invoke(DelegatingMethodAccessorImpl.java:43)
	at java.lang.reflect.Method.invoke(Method.java:498)
	at org.testng.internal.MethodInvocationHelper.invokeMethod(MethodInvocationHelper.java:108)
	at org.testng.internal.Invoker.invokeMethod(Invoker.java:661)
	at org.testng.internal.Invoker.invokeTestMethod(Invoker.java:869)
	at org.testng.internal.Invoker.invokeTestMethods(Invoker.java:1193)
	at org.testng.internal.TestMethodWorker.invokeTestMethods(TestMethodWorker.java:126)
	at org.testng.internal.TestMethodWorker.run(TestMethodWorker.java:109)
	at org.testng.TestRunner.privateRun(TestRunner.java:744)
	at org.testng.TestRunner.run(TestRunner.java:602)
	at org.testng.SuiteRunner.runTest(SuiteRunner.java:380)
	at org.testng.SuiteRunner.runSequentially(SuiteRunner.java:375)
	at org.testng.SuiteRunner.privateRun(SuiteRunner.java:340)
	at org.testng.SuiteRunner.run(SuiteRunner.java:289)
	at org.testng.SuiteRunnerWorker.runSuite(SuiteRunnerWorker.java:52)
	at org.testng.SuiteRunnerWorker.run(SuiteRunnerWorker.java:86)
	at org.testng.TestNG.runSuitesSequentially(TestNG.java:1301)
	at org.testng.TestNG.runSuitesSequentially(TestNG.java:1297)
	at org.testng.TestNG.runSuitesLocally(TestNG.java:1226)
	at org.testng.TestNG.runSuites(TestNG.java:1144)
	at org.testng.TestNG.run(TestNG.java:1115)
	at org.testng.remote.AbstractRemoteTestNG.run(AbstractRemoteTestNG.java:115)
	at org.testng.remote.RemoteTestNG.initAndRun(RemoteTestNG.java:251)
	at org.testng.remote.RemoteTestNG.main(RemoteTestNG.java:77)
]]>
    </failure>
  </testcase> <!-- addreduction -->
  <testcase name="addPlay" time="6.326" classname="testScriptsSmoke.TS_018_DocViewAudio"/>
  <testcase name="addComment" time="0.630" classname="testScriptsSmoke.TS_018_DocViewAudio"/>
  <testcase name="addRemark" time="15.325" classname="testScriptsSmoke.TS_018_DocViewAudio"/>
</testsuite> <!-- testScriptsSmoke.TS_018_DocViewAudio -->
