<?xml version="1.0" encoding="UTF-8"?>
<!-- Generated by org.testng.reporters.JUnitReportReporter -->
<testsuite skipped="0" hostname="INLTP-SHILPIM" name="testScriptsSmoke.TS_003_BulkActionsFromBasicSearch" tests="5" failures="0" timestamp="07 May 2020 13:38:53 GMT" time="94.800" errors="0">
  <testcase name="viewInTallyResultsInBasicSearch" time="15.751" classname="testScriptsSmoke.TS_003_BulkActionsFromBasicSearch"/>
  <testcase name="viewInDocViewInBasicSearch" time="10.753" classname="testScriptsSmoke.TS_003_BulkActionsFromBasicSearch"/>
  <testcase name="viewInDoclistInBasicSearch" time="25.034" classname="testScriptsSmoke.TS_003_BulkActionsFromBasicSearch"/>
  <testcase name="bulkFolderInBasicSearch" time="18.934" classname="testScriptsSmoke.TS_003_BulkActionsFromBasicSearch"/>
  <testcase name="bulkTagInBasicSearch" time="24.328" classname="testScriptsSmoke.TS_003_BulkActionsFromBasicSearch"/>
</testsuite> <!-- testScriptsSmoke.TS_003_BulkActionsFromBasicSearch -->
