<?xml version="1.0" encoding="UTF-8"?>
<!-- Generated by org.testng.reporters.JUnitReportReporter -->
<testsuite skipped="0" hostname="INLTP-SHILPIM" name="testScriptsSmoke.TS_008_AllManageModules" tests="1" failures="0" timestamp="09 Jun 2020 07:41:44 GMT" time="15.824" errors="0">
  <testcase name="CreateSecurityGroup" time="15.824" classname="testScriptsSmoke.TS_008_AllManageModules"/>
</testsuite> <!-- testScriptsSmoke.TS_008_AllManageModules -->
