<?xml version="1.0" encoding="UTF-8"?>
<!-- Generated by org.testng.reporters.JUnitReportReporter -->
<testsuite skipped="0" hostname="INLTP-SHILPIM" name="testScriptsSmoke.TS_018_DocViewAudio" tests="5" failures="0" timestamp="04 Apr 2020 09:35:57 GMT" time="94.173" errors="0">
  <testcase name="addComment" time="0.644" classname="testScriptsSmoke.TS_018_DocViewAudio"/>
  <testcase name="addRemark" time="32.995" classname="testScriptsSmoke.TS_018_DocViewAudio"/>
  <testcase name="AudioDownload" time="12.753" classname="testScriptsSmoke.TS_018_DocViewAudio"/>
  <testcase name="addPlay" time="4.757" classname="testScriptsSmoke.TS_018_DocViewAudio"/>
  <testcase name="addreduction" time="43.024" classname="testScriptsSmoke.TS_018_DocViewAudio"/>
</testsuite> <!-- testScriptsSmoke.TS_018_DocViewAudio -->
