<?xml version="1.0" encoding="UTF-8"?>
<!-- Generated by org.testng.reporters.JUnitReportReporter -->
<testsuite skipped="0" hostname="INLTP-SHILPIM" name="testScriptsSmoke.TS_003_AdvancedSearchBulkActions" tests="2" failures="0" timestamp="04 Apr 2020 09:35:57 GMT" time="46.933" errors="0">
  <testcase name="bulkTagInAdvancedSearch" time="26.040" classname="testScriptsSmoke.TS_003_AdvancedSearchBulkActions"/>
  <testcase name="bulkFolderInAdvancedSearch" time="20.893" classname="testScriptsSmoke.TS_003_AdvancedSearchBulkActions"/>
</testsuite> <!-- testScriptsSmoke.TS_003_AdvancedSearchBulkActions -->
