<?xml version="1.0" encoding="UTF-8"?>
<!-- Generated by org.testng.reporters.JUnitReportReporter -->
<testsuite skipped="0" hostname="INLTP-SHILPIM" name="testScriptsSmoke.TS_012_ValidateReportsFunctionality" tests="3" failures="0" timestamp="13 Jun 2020 07:17:45 GMT" time="227.496" errors="0">
  <testcase name="conceptExplorer" time="24.047" classname="testScriptsSmoke.TS_012_ValidateReportsFunctionality"/>
  <testcase name="reviewProgressByRevReport" time="43.907" classname="testScriptsSmoke.TS_012_ValidateReportsFunctionality"/>
  <testcase name="tallySubTally" time="159.542" classname="testScriptsSmoke.TS_012_ValidateReportsFunctionality"/>
</testsuite> <!-- testScriptsSmoke.TS_012_ValidateReportsFunctionality -->
