<?xml version="1.0" encoding="UTF-8"?>
<!-- Generated by org.testng.reporters.JUnitReportReporter -->
<testsuite skipped="0" hostname="INLTP-SHILPIM" name="testScriptsRegression.DocView_Redactions" tests="12" failures="0" timestamp="03 Jun 2020 14:53:03 GMT" time="854.820" errors="0">
  <testcase name="AddRedaction" time="6.922" classname="testScriptsRegression.DocView_Redactions"/>
  <testcase name="AddRedaction" time="7.502" classname="testScriptsRegression.DocView_Redactions"/>
  <testcase name="AddRedaction" time="6.909" classname="testScriptsRegression.DocView_Redactions"/>
  <testcase name="AddRedaction" time="6.974" classname="testScriptsRegression.DocView_Redactions"/>
  <testcase name="AddRedaction" time="7.161" classname="testScriptsRegression.DocView_Redactions"/>
  <testcase name="AddRedaction" time="6.891" classname="testScriptsRegression.DocView_Redactions"/>
  <testcase name="ModifyRedaction" time="20.655" classname="testScriptsRegression.DocView_Redactions"/>
  <testcase name="AddRedaction1" time="18.900" classname="testScriptsRegression.DocView_Redactions"/>
  <testcase name="DeleteRedaction" time="16.382" classname="testScriptsRegression.DocView_Redactions"/>
  <testcase name="AddRedactionnextpage" time="18.605" classname="testScriptsRegression.DocView_Redactions"/>
  <testcase name="Generateproduction" time="736.660" classname="testScriptsRegression.DocView_Redactions"/>
  <testcase name="DatabaseValidation" time="1.259" classname="testScriptsRegression.DocView_Redactions"/>
</testsuite> <!-- testScriptsRegression.DocView_Redactions -->
