<?xml version="1.0" encoding="UTF-8"?>
<!-- Generated by org.testng.reporters.JUnitReportReporter -->
<testsuite hostname="FRA-14L-10-SBAV" name="testScriptsSmoke.TS_003_AdvancedSearchBulkActions" tests="2" failures="0" timestamp="11 Feb 2021 21:49:29 GMT" time="42.970" errors="0">
  <testcase name="bulkFolderInAdvancedSearch" time="16.942" classname="testScriptsSmoke.TS_003_AdvancedSearchBulkActions"/>
  <testcase name="bulkTagInAdvancedSearch" time="26.028" classname="testScriptsSmoke.TS_003_AdvancedSearchBulkActions"/>
</testsuite> <!-- testScriptsSmoke.TS_003_AdvancedSearchBulkActions -->
