<?xml version="1.0" encoding="UTF-8"?>
<!-- Generated by org.testng.reporters.JUnitReportReporter -->
<testsuite skipped="0" hostname="INLTP-SHILPIM" name="testScriptsRegression.TS_002_AdvancedSearch" tests="1" failures="0" timestamp="01 Apr 2020 08:32:46 GMT" time="43.831" errors="0">
  <testcase name="AdvSearchgetallresults" time="43.831" classname="testScriptsRegression.TS_002_AdvancedSearch"/>
</testsuite> <!-- testScriptsRegression.TS_002_AdvancedSearch -->
