<?xml version="1.0" encoding="UTF-8"?>
<!-- Generated by org.testng.reporters.JUnitReportReporter -->
<testsuite skipped="19" hostname="INLTP-SHILPIM" name="testScriptsRegression.DocView_Regression" tests="20" failures="0" timestamp="20 Mar 2020 06:26:25 GMT" time="199.728" errors="1">
  <testcase name="preCondition" time="199.728" classname="testScriptsRegression.DocView_Regression">
    <error type="junit.framework.AssertionFailedError" message="expected:&lt;52&gt; but was:&lt;25&gt;">
      <![CDATA[junit.framework.AssertionFailedError: expected:<52> but was:<25>
	at junit.framework.Assert.fail(Assert.java:47)
	at junit.framework.Assert.failNotEquals(Assert.java:282)
	at junit.framework.Assert.assertEquals(Assert.java:64)
	at junit.framework.Assert.assertEquals(Assert.java:201)
	at junit.framework.Assert.assertEquals(Assert.java:207)
	at pageFactory.AssignmentsPage.addReviewerAndDistributeDocs(AssignmentsPage.java:313)
	at testScriptsRegression.DocView_Regression.preCondition(DocView_Regression.java:90)
	at sun.reflect.NativeMethodAccessorImpl.invoke0(Native Method)
	at sun.reflect.NativeMethodAccessorImpl.invoke(NativeMethodAccessorImpl.java:62)
	at sun.reflect.DelegatingMethodAccessorImpl.invoke(DelegatingMethodAccessorImpl.java:43)
	at java.lang.reflect.Method.invoke(Method.java:498)
	at org.testng.internal.MethodInvocationHelper.invokeMethod(MethodInvocationHelper.java:108)
	at org.testng.internal.Invoker.invokeConfigurationMethod(Invoker.java:523)
	at org.testng.internal.Invoker.invokeConfigurations(Invoker.java:224)
	at org.testng.internal.Invoker.invokeConfigurations(Invoker.java:146)
	at org.testng.internal.TestMethodWorker.invokeBeforeClassMethods(TestMethodWorker.java:166)
	at org.testng.internal.TestMethodWorker.run(TestMethodWorker.java:105)
	at org.testng.TestRunner.privateRun(TestRunner.java:744)
	at org.testng.TestRunner.run(TestRunner.java:602)
	at org.testng.SuiteRunner.runTest(SuiteRunner.java:380)
	at org.testng.SuiteRunner.runSequentially(SuiteRunner.java:375)
	at org.testng.SuiteRunner.privateRun(SuiteRunner.java:340)
	at org.testng.SuiteRunner.run(SuiteRunner.java:289)
	at org.testng.SuiteRunnerWorker.runSuite(SuiteRunnerWorker.java:52)
	at org.testng.SuiteRunnerWorker.run(SuiteRunnerWorker.java:86)
	at org.testng.TestNG.runSuitesSequentially(TestNG.java:1301)
	at org.testng.TestNG.runSuitesLocally(TestNG.java:1226)
	at org.testng.TestNG.runSuites(TestNG.java:1144)
	at org.testng.TestNG.run(TestNG.java:1115)
	at org.testng.remote.AbstractRemoteTestNG.run(AbstractRemoteTestNG.java:115)
	at org.testng.remote.RemoteTestNG.initAndRun(RemoteTestNG.java:251)
	at org.testng.remote.RemoteTestNG.main(RemoteTestNG.java:77)
]]>
    </error>
  </testcase> <!-- preCondition -->
  <testcase name="VerifyPersistentHit" time="0.000" classname="testScriptsRegression.DocView_Regression">
    <skipped/>
  </testcase> <!-- VerifyPersistentHit -->
  <testcase name="VerifyFoldertab" time="0.000" classname="testScriptsRegression.DocView_Regression">
    <skipped/>
  </testcase> <!-- VerifyFoldertab -->
  <testcase name="VerifyTextTab" time="0.000" classname="testScriptsRegression.DocView_Regression">
    <skipped/>
  </testcase> <!-- VerifyTextTab -->
  <testcase name="NonAudioAnnotation" time="0.000" classname="testScriptsRegression.DocView_Regression">
    <skipped/>
  </testcase> <!-- NonAudioAnnotation -->
  <testcase name="VerifyAnalyticsConceptual" time="0.000" classname="testScriptsRegression.DocView_Regression">
    <skipped/>
  </testcase> <!-- VerifyAnalyticsConceptual -->
  <testcase name="VerifyAnalyticsEmailInclusive" time="0.000" classname="testScriptsRegression.DocView_Regression">
    <skipped/>
  </testcase> <!-- VerifyAnalyticsEmailInclusive -->
  <testcase name="VerifyAnalyticsThreaded" time="0.000" classname="testScriptsRegression.DocView_Regression">
    <skipped/>
  </testcase> <!-- VerifyAnalyticsThreaded -->
  <testcase name="VerifyAnalyticsChildWinodw" time="0.000" classname="testScriptsRegression.DocView_Regression">
    <skipped/>
  </testcase> <!-- VerifyAnalyticsChildWinodw -->
  <testcase name="VerifyNearDupesCompwinodw" time="0.000" classname="testScriptsRegression.DocView_Regression">
    <skipped/>
  </testcase> <!-- VerifyNearDupesCompwinodw -->
  <testcase name="VerifyThreadedChildWinodw" time="0.000" classname="testScriptsRegression.DocView_Regression">
    <skipped/>
  </testcase> <!-- VerifyThreadedChildWinodw -->
  <testcase name="NonAudioRemarkAddEditDeletebyReviewer" time="0.000" classname="testScriptsRegression.DocView_Regression">
    <skipped/>
  </testcase> <!-- NonAudioRemarkAddEditDeletebyReviewer -->
  <testcase name="VerifyAnalytics_FamilyActions" time="0.000" classname="testScriptsRegression.DocView_Regression">
    <skipped/>
  </testcase> <!-- VerifyAnalytics_FamilyActions -->
  <testcase name="VerifyMiniDoclistFolderAction" time="0.000" classname="testScriptsRegression.DocView_Regression">
    <skipped/>
  </testcase> <!-- VerifyMiniDoclistFolderAction -->
  <testcase name="VerifyTabswhenAllprefEnabled" time="0.000" classname="testScriptsRegression.DocView_Regression">
    <skipped/>
  </testcase> <!-- VerifyTabswhenAllprefEnabled -->
  <testcase name="getPersistentHit" time="0.000" classname="testScriptsRegression.DocView_Regression">
    <skipped/>
  </testcase> <!-- getPersistentHit -->
  <testcase name="VerifyTooltipsforIcons" time="0.000" classname="testScriptsRegression.DocView_Regression">
    <skipped/>
  </testcase> <!-- VerifyTooltipsforIcons -->
  <testcase name="VerifyAnalyticsthrAssignment" time="0.000" classname="testScriptsRegression.DocView_Regression">
    <skipped/>
  </testcase> <!-- VerifyAnalyticsthrAssignment -->
  <testcase name="VerifyTabswhenAllprefDisabled" time="0.000" classname="testScriptsRegression.DocView_Regression">
    <skipped/>
  </testcase> <!-- VerifyTabswhenAllprefDisabled -->
  <testcase name="VerifyAnalyticsforPA" time="0.000" classname="testScriptsRegression.DocView_Regression">
    <skipped/>
  </testcase> <!-- VerifyAnalyticsforPA -->
</testsuite> <!-- testScriptsRegression.DocView_Regression -->
