<?xml version="1.0" encoding="UTF-8"?>
<!-- Generated by org.testng.reporters.JUnitReportReporter -->
<testsuite skipped="0" hostname="INLTP-SHILPIM" name="testScriptsSmoke.TS_017_DocList" tests="3" failures="0" timestamp="11 Jun 2020 09:25:06 GMT" time="301.238" errors="0">
  <testcase name="doclistToDocView" time="53.123" classname="testScriptsSmoke.TS_017_DocList"/>
  <testcase name="doclistBulkRelease" time="54.628" classname="testScriptsSmoke.TS_017_DocList"/>
  <testcase name="bulkTagAndBulkFolder" time="193.487" classname="testScriptsSmoke.TS_017_DocList"/>
</testsuite> <!-- testScriptsSmoke.TS_017_DocList -->
