<?xml version="1.0" encoding="UTF-8"?>
<!-- Generated by org.testng.reporters.JUnitReportReporter -->
<testsuite skipped="0" hostname="INLTP-SHILPIM" name="testScriptsSmoke.TS_006_ValidateBatchPrint" tests="1" failures="0" timestamp="13 Jun 2020 07:17:43 GMT" time="225.776" errors="0">
  <testcase name="BatchPrintWithNative" time="225.776" classname="testScriptsSmoke.TS_006_ValidateBatchPrint"/>
</testsuite> <!-- testScriptsSmoke.TS_006_ValidateBatchPrint -->
