<?xml version="1.0" encoding="UTF-8"?>
<!-- Generated by org.testng.reporters.JUnitReportReporter -->
<testsuite skipped="0" hostname="INLTP-SHILPIM" name="testScriptsSmoke.TS_012_ValidateReportsFunctionality" tests="3" failures="0" timestamp="19 Mar 2020 10:20:33 GMT" time="156.889" errors="0">
  <testcase name="reviewProgressByRevReport" time="44.230" classname="testScriptsSmoke.TS_012_ValidateReportsFunctionality"/>
  <testcase name="tallySubTally" time="97.574" classname="testScriptsSmoke.TS_012_ValidateReportsFunctionality"/>
  <testcase name="conceptExplorer" time="15.085" classname="testScriptsSmoke.TS_012_ValidateReportsFunctionality"/>
</testsuite> <!-- testScriptsSmoke.TS_012_ValidateReportsFunctionality -->
