<?xml version="1.0" encoding="UTF-8"?>
<!-- Generated by org.testng.reporters.JUnitReportReporter -->
<testsuite skipped="0" hostname="INLTP-SHILPIM" name="testScriptsSmoke.TS_009_ValidateAssignmentFunctionality" tests="2" failures="0" timestamp="11 Jun 2020 09:30:04 GMT" time="130.018" errors="0">
  <testcase name="CreateQuickBatch" time="36.048" classname="testScriptsSmoke.TS_009_ValidateAssignmentFunctionality"/>
  <testcase name="CreateAssignmentDistributeToReviwer" time="93.970" classname="testScriptsSmoke.TS_009_ValidateAssignmentFunctionality"/>
</testsuite> <!-- testScriptsSmoke.TS_009_ValidateAssignmentFunctionality -->
