<?xml version="1.0" encoding="UTF-8"?>
<!-- Generated by org.testng.reporters.JUnitReportReporter -->
<testsuite skipped="0" hostname="INLTP-SHILPIM" name="testScriptsSmoke.TS_008_AllManageModules" tests="10" failures="0" timestamp="19 Mar 2020 10:20:33 GMT" time="115.617" errors="0">
  <testcase name="createCommentField" time="4.944" classname="testScriptsSmoke.TS_008_AllManageModules"/>
  <testcase name="createKeywordField" time="8.115" classname="testScriptsSmoke.TS_008_AllManageModules"/>
  <testcase name="createRedaction" time="14.612" classname="testScriptsSmoke.TS_008_AllManageModules"/>
  <testcase name="CreateTagField" time="6.981" classname="testScriptsSmoke.TS_008_AllManageModules"/>
  <testcase name="CreateFolderField" time="11.328" classname="testScriptsSmoke.TS_008_AllManageModules"/>
  <testcase name="CreateAnnotationLayer" time="10.642" classname="testScriptsSmoke.TS_008_AllManageModules"/>
  <testcase name="CreateSecurityGroup" time="4.289" classname="testScriptsSmoke.TS_008_AllManageModules"/>
  <testcase name="DeleteTagField" time="5.890" classname="testScriptsSmoke.TS_008_AllManageModules"/>
  <testcase name="DeleteFolderField" time="5.688" classname="testScriptsSmoke.TS_008_AllManageModules"/>
  <testcase name="CreateCodingform" time="43.128" classname="testScriptsSmoke.TS_008_AllManageModules"/>
</testsuite> <!-- testScriptsSmoke.TS_008_AllManageModules -->
