<?xml version="1.0" encoding="UTF-8"?>
<!-- Generated by org.testng.reporters.JUnitReportReporter -->
<testsuite skipped="0" hostname="INLTP-SHILPIM" name="testScriptsSmoke.TS_018_DocViewAudio" tests="5" failures="0" timestamp="19 Mar 2020 10:20:32 GMT" time="98.134" errors="0">
  <testcase name="addPlay" time="4.999" classname="testScriptsSmoke.TS_018_DocViewAudio"/>
  <testcase name="AudioDownload" time="12.748" classname="testScriptsSmoke.TS_018_DocViewAudio"/>
  <testcase name="addRemark" time="33.795" classname="testScriptsSmoke.TS_018_DocViewAudio"/>
  <testcase name="addreduction" time="45.080" classname="testScriptsSmoke.TS_018_DocViewAudio"/>
  <testcase name="addComment" time="1.512" classname="testScriptsSmoke.TS_018_DocViewAudio"/>
</testsuite> <!-- testScriptsSmoke.TS_018_DocViewAudio -->
