<?xml version="1.0" encoding="UTF-8"?>
<!-- Generated by org.testng.reporters.JUnitReportReporter -->
<testsuite skipped="0" hostname="INLTP-SHILPIM" name="testScriptsSmoke.TS_009_ValidateAssignmentFunctionality" tests="2" failures="0" timestamp="13 Jun 2020 07:17:45 GMT" time="150.893" errors="0">
  <testcase name="CreateQuickBatch" time="41.679" classname="testScriptsSmoke.TS_009_ValidateAssignmentFunctionality"/>
  <testcase name="CreateAssignmentDistributeToReviwer" time="109.214" classname="testScriptsSmoke.TS_009_ValidateAssignmentFunctionality"/>
</testsuite> <!-- testScriptsSmoke.TS_009_ValidateAssignmentFunctionality -->
