<?xml version="1.0" encoding="UTF-8"?>
<!-- Generated by org.testng.reporters.JUnitReportReporter -->
<testsuite hostname="FRA-14L-10-SBAV" name="testScriptsSmoke.TS_006_ValidateBatchPrint" tests="1" failures="0" timestamp="11 Feb 2021 21:49:29 GMT" time="204.133" errors="0">
  <testcase name="BatchPrintWithNative" time="204.133" classname="testScriptsSmoke.TS_006_ValidateBatchPrint"/>
</testsuite> <!-- testScriptsSmoke.TS_006_ValidateBatchPrint -->
