<?xml version="1.0" encoding="UTF-8"?>
<!-- Generated by org.testng.reporters.JUnitReportReporter -->
<testsuite skipped="0" hostname="INLTP-SHILPIM" name="testScriptsSmoke.TS_010_Workflow" tests="1" failures="0" timestamp="13 Jun 2020 07:17:45 GMT" time="159.483" errors="0">
  <testcase name="Test" time="159.483" classname="testScriptsSmoke.TS_010_Workflow"/>
</testsuite> <!-- testScriptsSmoke.TS_010_Workflow -->
