<?xml version="1.0" encoding="UTF-8"?>
<!-- Generated by org.testng.reporters.JUnitReportReporter -->
<testsuite hostname="MTP-HZ-NP-SQA17" failures="0" tests="20" name="testScriptsRegression.DocView_Regression" time="90.262" errors="1" timestamp="12 Aug 2021 16:43:36 GMT" skipped="19">
  <testcase classname="testScriptsRegression.DocView_Regression" name="preCondition" time="90.260">
    <error message="invalid element state: Element is not currently interactable and may not be manipulated
  (Session info: chrome=92.0.4515.107)
  (Driver info: chromedriver=2.36.540470 (e522d04694c7ebea4ba8821272dbef4f9b818c91),platform=Windows NT 10.0.19042 x86_64) (WARNING: The server did not provide any stacktrace information)
Command duration or timeout: 18 milliseconds
Build info: version: &#039;3.4.0&#039;, revision: &#039;unknown&#039;, time: &#039;unknown&#039;
System info: host: &#039;MTP-HZ-NP-SQA17&#039;, ip: &#039;10.12.118.243&#039;, os.name: &#039;Windows 10&#039;, os.arch: &#039;amd64&#039;, os.version: &#039;10.0&#039;, java.version: &#039;15.0.2&#039;
Driver info: org.openqa.selenium.chrome.ChromeDriver
Capabilities [{applicationCacheEnabled=false, rotatable=false, mobileEmulationEnabled=false, networkConnectionEnabled=false, chrome={chromedriverVersion=2.36.540470 (e522d04694c7ebea4ba8821272dbef4f9b818c91), userDataDir=C:\Users\LOCAL_~1.MJ\Temp\scoped_dir12684_8727}, takesHeapSnapshot=true, pageLoadStrategy=normal, databaseEnabled=false, handlesAlerts=true, hasTouchScreen=false, version=92.0.4515.107, platform=XP, browserConnectionEnabled=false, nativeEvents=true, acceptSslCerts=false, acceptInsecureCerts=false, locationContextEnabled=true, webStorageEnabled=true, browserName=chrome, takesScreenshot=true, javascriptEnabled=true, cssSelectorsEnabled=true, setWindowRect=true, unexpectedAlertBehaviour=}]
Session ID: bc14e81b29c72aa28fd09620f8ef9239" type="org.openqa.selenium.InvalidElementStateException">
      <![CDATA[org.openqa.selenium.InvalidElementStateException: invalid element state: Element is not currently interactable and may not be manipulated
  (Session info: chrome=92.0.4515.107)
  (Driver info: chromedriver=2.36.540470 (e522d04694c7ebea4ba8821272dbef4f9b818c91),platform=Windows NT 10.0.19042 x86_64) (WARNING: The server did not provide any stacktrace information)
Command duration or timeout: 18 milliseconds
Build info: version: '3.4.0', revision: 'unknown', time: 'unknown'
System info: host: 'MTP-HZ-NP-SQA17', ip: '10.12.118.243', os.name: 'Windows 10', os.arch: 'amd64', os.version: '10.0', java.version: '15.0.2'
Driver info: org.openqa.selenium.chrome.ChromeDriver
Capabilities [{applicationCacheEnabled=false, rotatable=false, mobileEmulationEnabled=false, networkConnectionEnabled=false, chrome={chromedriverVersion=2.36.540470 (e522d04694c7ebea4ba8821272dbef4f9b818c91), userDataDir=C:\Users\LOCAL_~1.MJ\Temp\scoped_dir12684_8727}, takesHeapSnapshot=true, pageLoadStrategy=normal, databaseEnabled=false, handlesAlerts=true, hasTouchScreen=false, version=92.0.4515.107, platform=XP, browserConnectionEnabled=false, nativeEvents=true, acceptSslCerts=false, acceptInsecureCerts=false, locationContextEnabled=true, webStorageEnabled=true, browserName=chrome, takesScreenshot=true, javascriptEnabled=true, cssSelectorsEnabled=true, setWindowRect=true, unexpectedAlertBehaviour=}]
Session ID: bc14e81b29c72aa28fd09620f8ef9239
at java.base/jdk.internal.reflect.NativeConstructorAccessorImpl.newInstance0(Native Method)
at java.base/jdk.internal.reflect.NativeConstructorAccessorImpl.newInstance(NativeConstructorAccessorImpl.java:64)
at java.base/jdk.internal.reflect.DelegatingConstructorAccessorImpl.newInstance(DelegatingConstructorAccessorImpl.java:45)
at java.base/java.lang.reflect.Constructor.newInstanceWithCaller(Constructor.java:500)
at java.base/java.lang.reflect.Constructor.newInstance(Constructor.java:481)
at org.openqa.selenium.remote.ErrorHandler.createThrowable(ErrorHandler.java:215)
at org.openqa.selenium.remote.ErrorHandler.throwIfResponseFailed(ErrorHandler.java:167)
at org.openqa.selenium.remote.RemoteWebDriver.execute(RemoteWebDriver.java:671)
at org.openqa.selenium.remote.RemoteWebElement.execute(RemoteWebElement.java:272)
at org.openqa.selenium.remote.RemoteWebElement.clear(RemoteWebElement.java:114)
at automationLibrary.Element.SendKeys(Element.java:438)
at pageFactory.TagsAndFoldersPage.CreateFolder(TagsAndFoldersPage.java:196)
at testScriptsRegression.DocView_Regression.preCondition(DocView_Regression.java:65)
at java.base/jdk.internal.reflect.NativeMethodAccessorImpl.invoke0(Native Method)
at java.base/jdk.internal.reflect.NativeMethodAccessorImpl.invoke(NativeMethodAccessorImpl.java:64)
at java.base/jdk.internal.reflect.DelegatingMethodAccessorImpl.invoke(DelegatingMethodAccessorImpl.java:43)
at java.base/java.lang.reflect.Method.invoke(Method.java:564)
at org.testng.internal.MethodInvocationHelper.invokeMethod(MethodInvocationHelper.java:124)
at org.testng.internal.MethodInvocationHelper.invokeMethodConsideringTimeout(MethodInvocationHelper.java:59)
at org.testng.internal.Invoker.invokeConfigurationMethod(Invoker.java:458)
at org.testng.internal.Invoker.invokeConfigurations(Invoker.java:222)
at org.testng.internal.Invoker.invokeConfigurations(Invoker.java:142)
at org.testng.internal.TestMethodWorker.invokeBeforeClassMethods(TestMethodWorker.java:168)
at org.testng.internal.TestMethodWorker.run(TestMethodWorker.java:105)
at org.testng.TestRunner.privateRun(TestRunner.java:648)
at org.testng.TestRunner.run(TestRunner.java:505)
at org.testng.SuiteRunner.runTest(SuiteRunner.java:455)
at org.testng.SuiteRunner.runSequentially(SuiteRunner.java:450)
at org.testng.SuiteRunner.privateRun(SuiteRunner.java:415)
at org.testng.SuiteRunner.run(SuiteRunner.java:364)
at org.testng.SuiteRunnerWorker.runSuite(SuiteRunnerWorker.java:52)
at org.testng.SuiteRunnerWorker.run(SuiteRunnerWorker.java:84)
at org.testng.TestNG.runSuitesSequentially(TestNG.java:1208)
at org.testng.TestNG.runSuitesLocally(TestNG.java:1137)
at org.testng.TestNG.runSuites(TestNG.java:1049)
at org.testng.TestNG.run(TestNG.java:1017)
at org.testng.remote.AbstractRemoteTestNG.run(AbstractRemoteTestNG.java:115)
at org.testng.remote.RemoteTestNG.initAndRun(RemoteTestNG.java:251)
at org.testng.remote.RemoteTestNG.main(RemoteTestNG.java:77)
]]>
    </error>
  </testcase> <!-- preCondition -->
  <testcase classname="testScriptsRegression.DocView_Regression" name="VerifyPersistentHit" time="0.000">
    <skipped/>
  </testcase> <!-- VerifyPersistentHit -->
  <testcase classname="testScriptsRegression.DocView_Regression" name="VerifyFoldertab" time="0.000">
    <skipped/>
  </testcase> <!-- VerifyFoldertab -->
  <testcase classname="testScriptsRegression.DocView_Regression" name="VerifyTextTab" time="0.000">
    <skipped/>
  </testcase> <!-- VerifyTextTab -->
  <testcase classname="testScriptsRegression.DocView_Regression" name="NonAudioAnnotation" time="0.000">
    <skipped/>
  </testcase> <!-- NonAudioAnnotation -->
  <testcase classname="testScriptsRegression.DocView_Regression" name="VerifyAnalyticsEmailInclusive" time="0.001">
    <skipped/>
  </testcase> <!-- VerifyAnalyticsEmailInclusive -->
  <testcase classname="testScriptsRegression.DocView_Regression" name="VerifyAnalyticsThreaded" time="0.001">
    <skipped/>
  </testcase> <!-- VerifyAnalyticsThreaded -->
  <testcase classname="testScriptsRegression.DocView_Regression" name="VerifyAnalyticsChildWinodw" time="0.000">
    <skipped/>
  </testcase> <!-- VerifyAnalyticsChildWinodw -->
  <testcase classname="testScriptsRegression.DocView_Regression" name="VerifyNearDupesCompwinodw" time="0.000">
    <skipped/>
  </testcase> <!-- VerifyNearDupesCompwinodw -->
  <testcase classname="testScriptsRegression.DocView_Regression" name="VerifyThreadedChildWinodw" time="0.000">
    <skipped/>
  </testcase> <!-- VerifyThreadedChildWinodw -->
  <testcase classname="testScriptsRegression.DocView_Regression" name="NonAudioRemarkAddEditDeletebyReviewer" time="0.000">
    <skipped/>
  </testcase> <!-- NonAudioRemarkAddEditDeletebyReviewer -->
  <testcase classname="testScriptsRegression.DocView_Regression" name="VerifyAnalytics_FamilyActions" time="0.000">
    <skipped/>
  </testcase> <!-- VerifyAnalytics_FamilyActions -->
  <testcase classname="testScriptsRegression.DocView_Regression" name="VerifyMiniDoclistFolderAction" time="0.000">
    <skipped/>
  </testcase> <!-- VerifyMiniDoclistFolderAction -->
  <testcase classname="testScriptsRegression.DocView_Regression" name="VerifyTabswhenAllprefEnabled" time="0.000">
    <skipped/>
  </testcase> <!-- VerifyTabswhenAllprefEnabled -->
  <testcase classname="testScriptsRegression.DocView_Regression" name="getPersistentHit" time="0.000">
    <skipped/>
  </testcase> <!-- getPersistentHit -->
  <testcase classname="testScriptsRegression.DocView_Regression" name="VerifyAnalyticsthrAssignment" time="0.000">
    <skipped/>
  </testcase> <!-- VerifyAnalyticsthrAssignment -->
  <testcase classname="testScriptsRegression.DocView_Regression" name="VerifyTabswhenAllprefDisabled" time="0.000">
    <skipped/>
  </testcase> <!-- VerifyTabswhenAllprefDisabled -->
  <testcase classname="testScriptsRegression.DocView_Regression" name="VerifyAnalyticsforPA" time="0.000">
    <skipped/>
  </testcase> <!-- VerifyAnalyticsforPA -->
  <testcase classname="testScriptsRegression.DocView_Regression" name="VerifyMiniDoclistConifgSortOrder" time="0.000">
    <skipped/>
  </testcase> <!-- VerifyMiniDoclistConifgSortOrder -->
  <testcase classname="testScriptsRegression.DocView_Regression" name="VerifyAnalyticsConceptual" time="0.000">
    <skipped/>
  </testcase> <!-- VerifyAnalyticsConceptual -->
</testsuite> <!-- testScriptsRegression.DocView_Regression -->
