<?xml version="1.0" encoding="UTF-8"?>
<!-- Generated by org.testng.reporters.JUnitReportReporter -->
<testsuite skipped="0" hostname="INLTP-SHILPIM" name="testScriptsRegression.Assignment_Regression" tests="1" failures="0" timestamp="05 Mar 2020 06:47:53 GMT" time="87.260" errors="0">
  <testcase name="QuickBatchfromSearchTermDocAuditreport" time="87.260" classname="testScriptsRegression.Assignment_Regression"/>
</testsuite> <!-- testScriptsRegression.Assignment_Regression -->
