<?xml version="1.0" encoding="UTF-8"?>
<!-- Generated by org.testng.reporters.JUnitReportReporter -->
<testsuite skipped="0" hostname="INLTP-FERHAT" name="testScriptsSmoke.TS_003_AdvancedSearchBulkActions" tests="2" failures="0" timestamp="25 Feb 2021 07:03:02 GMT" time="107.621" errors="0">
  <testcase name="bulkTagInAdvancedSearch" time="57.303" classname="testScriptsSmoke.TS_003_AdvancedSearchBulkActions"/>
  <testcase name="bulkFolderInAdvancedSearch" time="50.318" classname="testScriptsSmoke.TS_003_AdvancedSearchBulkActions"/>
</testsuite> <!-- testScriptsSmoke.TS_003_AdvancedSearchBulkActions -->
