<?xml version="1.0" encoding="UTF-8"?>
<!-- Generated by org.testng.reporters.JUnitReportReporter -->
<testsuite skipped="0" hostname="INLTP-FERHAT" name="testScriptsSmoke.TS_018_DocViewAudio" tests="1" failures="0" timestamp="17 Feb 2021 09:48:24 GMT" time="52.632" errors="0">
  <testcase name="addreduction" time="52.632" classname="testScriptsSmoke.TS_018_DocViewAudio"/>
</testsuite> <!-- testScriptsSmoke.TS_018_DocViewAudio -->
