<?xml version="1.0" encoding="UTF-8"?>
<!-- Generated by org.testng.reporters.JUnitReportReporter -->
<testsuite skipped="0" hostname="INLTP-FERHAT" name="testScriptsSmoke.TS_003_AdvancedSearchBulkActions" tests="2" failures="0" timestamp="11 Feb 2021 12:00:40 GMT" time="50.896" errors="0">
  <testcase name="bulkTagInAdvancedSearch" time="25.139" classname="testScriptsSmoke.TS_003_AdvancedSearchBulkActions"/>
  <testcase name="bulkFolderInAdvancedSearch" time="25.757" classname="testScriptsSmoke.TS_003_AdvancedSearchBulkActions"/>
</testsuite> <!-- testScriptsSmoke.TS_003_AdvancedSearchBulkActions -->
