<?xml version="1.0" encoding="UTF-8"?>
<!-- Generated by org.testng.reporters.JUnitReportReporter -->
<testsuite hostname="FRA-14L-10-SBAV" name="testScriptsSmoke.TS_017_DocList" tests="3" failures="0" timestamp="11 Feb 2021 21:49:29 GMT" time="323.267" errors="0">
  <testcase name="doclistToDocView" time="71.157" classname="testScriptsSmoke.TS_017_DocList"/>
  <testcase name="bulkTagAndBulkFolder" time="196.524" classname="testScriptsSmoke.TS_017_DocList"/>
  <testcase name="doclistBulkRelease" time="55.586" classname="testScriptsSmoke.TS_017_DocList"/>
</testsuite> <!-- testScriptsSmoke.TS_017_DocList -->
