<?xml version="1.0" encoding="UTF-8"?>
<!-- Generated by org.testng.reporters.JUnitReportReporter -->
<testsuite skipped="0" hostname="INLTP-SHILPIM" name="testScriptsSmoke.TS_010_Workflow" tests="1" failures="0" timestamp="08 Jun 2020 10:30:18 GMT" time="182.836" errors="0">
  <testcase name="Test" time="182.836" classname="testScriptsSmoke.TS_010_Workflow"/>
</testsuite> <!-- testScriptsSmoke.TS_010_Workflow -->
