<?xml version="1.0" encoding="UTF-8"?>
<!-- Generated by org.testng.reporters.JUnitReportReporter -->
<testsuite skipped="0" hostname="INLTP-SHILPIM" name="testScriptsSmoke.TS_003_AdvancedSearchBulkActions" tests="2" failures="0" timestamp="19 Mar 2020 10:20:32 GMT" time="46.002" errors="0">
  <testcase name="bulkTagInAdvancedSearch" time="29.141" classname="testScriptsSmoke.TS_003_AdvancedSearchBulkActions"/>
  <testcase name="bulkFolderInAdvancedSearch" time="16.861" classname="testScriptsSmoke.TS_003_AdvancedSearchBulkActions"/>
</testsuite> <!-- testScriptsSmoke.TS_003_AdvancedSearchBulkActions -->
