<?xml version="1.0" encoding="UTF-8"?>
<!-- Generated by org.testng.reporters.JUnitReportReporter -->
<testsuite skipped="16" hostname="INLTP-FERHAT" name="testScriptsRegression.Production_Regression" tests="18" failures="0" timestamp="10 Feb 2021 11:25:34 GMT" time="0.003" errors="2">
  <testcase name="close" time="0.001" classname="testScriptsRegression.Production_Regression">
    <error type="java.lang.NullPointerException">
      <![CDATA[java.lang.NullPointerException
	at testScriptsRegression.Production_Regression.close(Production_Regression.java:210)
	at sun.reflect.NativeMethodAccessorImpl.invoke0(Native Method)
	at sun.reflect.NativeMethodAccessorImpl.invoke(Unknown Source)
	at sun.reflect.DelegatingMethodAccessorImpl.invoke(Unknown Source)
	at java.lang.reflect.Method.invoke(Unknown Source)
	at org.testng.internal.MethodInvocationHelper.invokeMethod(MethodInvocationHelper.java:108)
	at org.testng.internal.Invoker.invokeConfigurationMethod(Invoker.java:523)
	at org.testng.internal.Invoker.invokeConfigurations(Invoker.java:224)
	at org.testng.internal.Invoker.invokeConfigurations(Invoker.java:146)
	at org.testng.internal.TestMethodWorker.invokeAfterClassMethods(TestMethodWorker.java:212)
	at org.testng.internal.TestMethodWorker.run(TestMethodWorker.java:112)
	at org.testng.TestRunner.privateRun(TestRunner.java:744)
	at org.testng.TestRunner.run(TestRunner.java:602)
	at org.testng.SuiteRunner.runTest(SuiteRunner.java:380)
	at org.testng.SuiteRunner.runSequentially(SuiteRunner.java:375)
	at org.testng.SuiteRunner.privateRun(SuiteRunner.java:340)
	at org.testng.SuiteRunner.run(SuiteRunner.java:289)
	at org.testng.SuiteRunnerWorker.runSuite(SuiteRunnerWorker.java:52)
	at org.testng.SuiteRunnerWorker.run(SuiteRunnerWorker.java:86)
	at org.testng.TestNG.runSuitesSequentially(TestNG.java:1301)
	at org.testng.TestNG.runSuitesSequentially(TestNG.java:1297)
	at org.testng.TestNG.runSuitesLocally(TestNG.java:1226)
	at org.testng.TestNG.runSuites(TestNG.java:1144)
	at org.testng.TestNG.run(TestNG.java:1115)
	at org.testng.remote.AbstractRemoteTestNG.run(AbstractRemoteTestNG.java:132)
	at org.testng.remote.RemoteTestNG.initAndRun(RemoteTestNG.java:236)
	at org.testng.remote.RemoteTestNG.main(RemoteTestNG.java:81)
]]>
    </error>
  </testcase> <!-- close -->
  <testcase name="preCondition" time="0.001" classname="testScriptsRegression.Production_Regression">
    <error type="java.lang.NullPointerException">
      <![CDATA[java.lang.NullPointerException
	at automationLibrary.Driver.createDriver(Driver.java:241)
	at automationLibrary.Driver.<init>(Driver.java:56)
	at testScriptsRegression.Production_Regression.preCondition(Production_Regression.java:49)
	at sun.reflect.NativeMethodAccessorImpl.invoke0(Native Method)
	at sun.reflect.NativeMethodAccessorImpl.invoke(Unknown Source)
	at sun.reflect.DelegatingMethodAccessorImpl.invoke(Unknown Source)
	at java.lang.reflect.Method.invoke(Unknown Source)
	at org.testng.internal.MethodInvocationHelper.invokeMethod(MethodInvocationHelper.java:108)
	at org.testng.internal.Invoker.invokeConfigurationMethod(Invoker.java:523)
	at org.testng.internal.Invoker.invokeConfigurations(Invoker.java:224)
	at org.testng.internal.Invoker.invokeConfigurations(Invoker.java:146)
	at org.testng.internal.TestMethodWorker.invokeBeforeClassMethods(TestMethodWorker.java:166)
	at org.testng.internal.TestMethodWorker.run(TestMethodWorker.java:105)
	at org.testng.TestRunner.privateRun(TestRunner.java:744)
	at org.testng.TestRunner.run(TestRunner.java:602)
	at org.testng.SuiteRunner.runTest(SuiteRunner.java:380)
	at org.testng.SuiteRunner.runSequentially(SuiteRunner.java:375)
	at org.testng.SuiteRunner.privateRun(SuiteRunner.java:340)
	at org.testng.SuiteRunner.run(SuiteRunner.java:289)
	at org.testng.SuiteRunnerWorker.runSuite(SuiteRunnerWorker.java:52)
	at org.testng.SuiteRunnerWorker.run(SuiteRunnerWorker.java:86)
	at org.testng.TestNG.runSuitesSequentially(TestNG.java:1301)
	at org.testng.TestNG.runSuitesSequentially(TestNG.java:1297)
	at org.testng.TestNG.runSuitesLocally(TestNG.java:1226)
	at org.testng.TestNG.runSuites(TestNG.java:1144)
	at org.testng.TestNG.run(TestNG.java:1115)
	at org.testng.remote.AbstractRemoteTestNG.run(AbstractRemoteTestNG.java:132)
	at org.testng.remote.RemoteTestNG.initAndRun(RemoteTestNG.java:236)
	at org.testng.remote.RemoteTestNG.main(RemoteTestNG.java:81)
]]>
    </error>
  </testcase> <!-- preCondition -->
  <testcase name="AddNewProduction" time="0.000" classname="testScriptsRegression.Production_Regression">
    <skipped/>
  </testcase> <!-- AddNewProduction -->
  <testcase name="Productionwithallredaction" time="0.000" classname="testScriptsRegression.Production_Regression">
    <skipped/>
  </testcase> <!-- Productionwithallredaction -->
  <testcase name="ExportwithpriorProduction" time="0.000" classname="testScriptsRegression.Production_Regression">
    <skipped/>
  </testcase> <!-- ExportwithpriorProduction -->
  <testcase name="ProductionwithNatives" time="0.001" classname="testScriptsRegression.Production_Regression">
    <skipped/>
  </testcase> <!-- ProductionwithNatives -->
  <testcase name="ProductionwithTechIssuetags" time="0.000" classname="testScriptsRegression.Production_Regression">
    <skipped/>
  </testcase> <!-- ProductionwithTechIssuetags -->
  <testcase name="Filter" time="0.000" classname="testScriptsRegression.Production_Regression">
    <skipped/>
  </testcase> <!-- Filter -->
  <testcase name="Sort" time="0.000" classname="testScriptsRegression.Production_Regression">
    <skipped/>
  </testcase> <!-- Sort -->
  <testcase name="Grid" time="0.000" classname="testScriptsRegression.Production_Regression">
    <skipped/>
  </testcase> <!-- Grid -->
  <testcase name="VerifyTemplate" time="0.000" classname="testScriptsRegression.Production_Regression">
    <skipped/>
  </testcase> <!-- VerifyTemplate -->
  <testcase name="DeleteTemplate" time="0.000" classname="testScriptsRegression.Production_Regression">
    <skipped/>
  </testcase> <!-- DeleteTemplate -->
  <testcase name="VerifyProductionSet" time="0.000" classname="testScriptsRegression.Production_Regression">
    <skipped/>
  </testcase> <!-- VerifyProductionSet -->
  <testcase name="LockProduction" time="0.000" classname="testScriptsRegression.Production_Regression">
    <skipped/>
  </testcase> <!-- LockProduction -->
  <testcase name="CustomizedTemplate" time="0.000" classname="testScriptsRegression.Production_Regression">
    <skipped/>
  </testcase> <!-- CustomizedTemplate -->
  <testcase name="ProductionDeleteCheck" time="0.000" classname="testScriptsRegression.Production_Regression">
    <skipped/>
  </testcase> <!-- ProductionDeleteCheck -->
  <testcase name="TiffVerification" time="0.000" classname="testScriptsRegression.Production_Regression">
    <skipped/>
  </testcase> <!-- TiffVerification -->
  <testcase name="ProductionDelete" time="0.000" classname="testScriptsRegression.Production_Regression">
    <skipped/>
  </testcase> <!-- ProductionDelete -->
</testsuite> <!-- testScriptsRegression.Production_Regression -->
