<?xml version="1.0" encoding="UTF-8"?>
<!-- Generated by org.testng.reporters.JUnitReportReporter -->
<testsuite skipped="0" hostname="LNT-HZ-NP-SQA18" name="testScriptsSmoke.TS_018_DocViewAudio" tests="5" failures="0" timestamp="05 Jun 2021 08:54:50 GMT" time="80.265" errors="0">
  <testcase name="addreduction" time="40.888" classname="testScriptsSmoke.TS_018_DocViewAudio"/>
  <testcase name="addRemark" time="31.828" classname="testScriptsSmoke.TS_018_DocViewAudio"/>
  <testcase name="AudioDownload" time="2.769" classname="testScriptsSmoke.TS_018_DocViewAudio"/>
  <testcase name="addComment" time="0.353" classname="testScriptsSmoke.TS_018_DocViewAudio"/>
  <testcase name="addPlay" time="4.427" classname="testScriptsSmoke.TS_018_DocViewAudio"/>
</testsuite> <!-- testScriptsSmoke.TS_018_DocViewAudio -->
