<?xml version="1.0" encoding="UTF-8"?>
<!-- Generated by org.testng.reporters.JUnitReportReporter -->
<testsuite hostname="FRA-14L-10-SBAV" name="testScriptsSmoke.TS_003_BulkActionsFromBasicSearch" tests="5" failures="0" timestamp="11 Feb 2021 21:49:29 GMT" time="110.955" errors="0">
  <testcase name="viewInDoclistInBasicSearch" time="30.322" classname="testScriptsSmoke.TS_003_BulkActionsFromBasicSearch"/>
  <testcase name="bulkFolderInBasicSearch" time="19.074" classname="testScriptsSmoke.TS_003_BulkActionsFromBasicSearch"/>
  <testcase name="viewInTallyResultsInBasicSearch" time="9.589" classname="testScriptsSmoke.TS_003_BulkActionsFromBasicSearch"/>
  <testcase name="bulkTagInBasicSearch" time="28.888" classname="testScriptsSmoke.TS_003_BulkActionsFromBasicSearch"/>
  <testcase name="viewInDocViewInBasicSearch" time="23.082" classname="testScriptsSmoke.TS_003_BulkActionsFromBasicSearch"/>
</testsuite> <!-- testScriptsSmoke.TS_003_BulkActionsFromBasicSearch -->
