<?xml version="1.0" encoding="UTF-8"?>
<!-- Generated by org.testng.reporters.JUnitReportReporter -->
<testsuite skipped="0" hostname="INLTP-FERHAT" name="testScriptsSmoke.TS_007_SavedSearchShareSchedule" tests="1" failures="0" timestamp="26 Feb 2021 06:05:14 GMT" time="21.076" errors="0">
  <testcase name="saveSearchToDocList" time="21.076" classname="testScriptsSmoke.TS_007_SavedSearchShareSchedule"/>
</testsuite> <!-- testScriptsSmoke.TS_007_SavedSearchShareSchedule -->
