<?xml version="1.0" encoding="UTF-8"?>
<!-- Generated by org.testng.reporters.JUnitReportReporter -->
<testsuite skipped="0" hostname="INLTP-SHILPIM" name="testScriptsSmoke.TS_003_BulkActionsFromBasicSearch" tests="5" failures="0" timestamp="03 Mar 2020 02:48:49 GMT" time="96.284" errors="0">
  <testcase name="viewInDoclistInBasicSearch" time="23.870" classname="testScriptsSmoke.TS_003_BulkActionsFromBasicSearch"/>
  <testcase name="viewInDocViewInBasicSearch" time="13.922" classname="testScriptsSmoke.TS_003_BulkActionsFromBasicSearch"/>
  <testcase name="bulkFolderInBasicSearch" time="17.545" classname="testScriptsSmoke.TS_003_BulkActionsFromBasicSearch"/>
  <testcase name="bulkTagInBasicSearch" time="26.281" classname="testScriptsSmoke.TS_003_BulkActionsFromBasicSearch"/>
  <testcase name="viewInTallyResultsInBasicSearch" time="14.666" classname="testScriptsSmoke.TS_003_BulkActionsFromBasicSearch"/>
</testsuite> <!-- testScriptsSmoke.TS_003_BulkActionsFromBasicSearch -->
