<?xml version="1.0" encoding="UTF-8"?>
<!-- Generated by org.testng.reporters.JUnitReportReporter -->
<testsuite skipped="0" hostname="INLTP-SHILPIM" name="testScriptsSmoke.TS_008_AllManageModules" tests="1" failures="0" timestamp="13 Jun 2020 07:17:45 GMT" time="26.806" errors="0">
  <testcase name="CreateSecurityGroup" time="26.806" classname="testScriptsSmoke.TS_008_AllManageModules"/>
</testsuite> <!-- testScriptsSmoke.TS_008_AllManageModules -->
