<?xml version="1.0" encoding="UTF-8"?>
<!-- Generated by org.testng.reporters.JUnitReportReporter -->
<testsuite skipped="0" hostname="LNT-HZ-NP-SQA18" name="testScriptsSmoke.TS_013_ValidateBatchUpload" tests="1" failures="0" timestamp="26 Apr 2021 01:47:00 GMT" time="167.218" errors="0">
  <testcase name="batchUploadByPA" time="167.218" classname="testScriptsSmoke.TS_013_ValidateBatchUpload"/>
</testsuite> <!-- testScriptsSmoke.TS_013_ValidateBatchUpload -->
