<?xml version="1.0" encoding="UTF-8"?>
<!-- Generated by org.testng.reporters.JUnitReportReporter -->
<testsuite skipped="0" hostname="INLTP-SHILPIM" name="testScriptsSmoke.TS_003_BulkActionsFromBasicSearch" tests="5" failures="0" timestamp="19 Mar 2020 10:20:32 GMT" time="126.719" errors="0">
  <testcase name="bulkTagInBasicSearch" time="29.615" classname="testScriptsSmoke.TS_003_BulkActionsFromBasicSearch"/>
  <testcase name="viewInDocViewInBasicSearch" time="29.016" classname="testScriptsSmoke.TS_003_BulkActionsFromBasicSearch"/>
  <testcase name="bulkFolderInBasicSearch" time="25.448" classname="testScriptsSmoke.TS_003_BulkActionsFromBasicSearch"/>
  <testcase name="viewInDoclistInBasicSearch" time="25.006" classname="testScriptsSmoke.TS_003_BulkActionsFromBasicSearch"/>
  <testcase name="viewInTallyResultsInBasicSearch" time="17.634" classname="testScriptsSmoke.TS_003_BulkActionsFromBasicSearch"/>
</testsuite> <!-- testScriptsSmoke.TS_003_BulkActionsFromBasicSearch -->
